Log file open, 03/20/16 21:32:01
LogInit:Display: Running engine for game: Multiplayer
LogPlatformFile: Not using cached read wrapper
LogInit:Display: RandInit(1882067586) SRandInit(1882067588).
LogTaskGraph: Started task graph with 4 named threads and 7 total threads.
LogStats: Stats thread started at 0.078389
LogConfig:Warning: Failed to saved backup for config[Engine]
LogConfig:Warning: Failed to saved backup for config[Game]
LogConfig:Warning: Failed to saved backup for config[Input]
LogConfig:Warning: Failed to saved backup for config[Editor]
LogConfig:Warning: Failed to saved backup for config[EditorPerProjectUserSettings]
LogConfig:Warning: Failed to saved backup for config[EditorSettings]
LogConfig:Warning: Failed to saved backup for config[EditorLayout]
LogConfig:Warning: Failed to saved backup for config[EditorKeyBindings]
LogConfig:Warning: Failed to saved backup for config[Compat]
LogConfig:Warning: Failed to saved backup for config[Lightmass]
LogConfig:Warning: Failed to saved backup for config[Scalability]
LogConfig:Warning: Failed to saved backup for config[GameUserSettings]
[2016.03.21-02.32.01:443][  0]LogInit: Version: 4.10.4-2872498+++depot+UE4-Releases+4.10
[2016.03.21-02.32.01:443][  0]LogInit: API Version: 2758231
[2016.03.21-02.32.01:443][  0]LogInit: Compiled (64-bit): Feb 18 2016 15:47:04
[2016.03.21-02.32.01:443][  0]LogInit: Compiled with Visual C++: 19.00.23026.00
[2016.03.21-02.32.01:443][  0]LogInit: Build Configuration: Development
[2016.03.21-02.32.01:443][  0]LogInit: Branch Name: ++depot+UE4-Releases+4.10
[2016.03.21-02.32.01:443][  0]LogInit: Command line: -EpicPortal 
[2016.03.21-02.32.01:443][  0]LogInit: Base directory: C:/Program Files/Epic Games/4.10/Engine/Binaries/Win64/
[2016.03.21-02.32.01:443][  0]LogInit: Rocket: 1
[2016.03.21-02.32.01:450][  0]LogInit: Using libcurl 7.41.0
[2016.03.21-02.32.01:450][  0]LogInit:  - built for x86_64-pc-win32
[2016.03.21-02.32.01:450][  0]LogInit:  - supports SSL with WinSSL
[2016.03.21-02.32.01:450][  0]LogInit:  - other features:
[2016.03.21-02.32.01:450][  0]LogInit:      CURL_VERSION_SSL
[2016.03.21-02.32.01:450][  0]LogInit:      CURL_VERSION_IPV6
[2016.03.21-02.32.01:450][  0]LogInit:      CURL_VERSION_ASYNCHDNS
[2016.03.21-02.32.01:450][  0]LogInit:      CURL_VERSION_LARGEFILE
[2016.03.21-02.32.01:450][  0]LogInit:      CURL_VERSION_IDN
[2016.03.21-02.32.01:450][  0]LogInit:  CurlRequestOptions (configurable via config and command line):
[2016.03.21-02.32.01:450][  0]LogInit:  - bVerifyPeer = true  - Libcurl will verify peer certificate
[2016.03.21-02.32.01:450][  0]LogInit:  - bUseHttpProxy = false  - Libcurl will NOT use HTTP proxy
[2016.03.21-02.32.01:450][  0]LogInit:  - bDontReuseConnections = false  - Libcurl will reuse connections
[2016.03.21-02.32.01:450][  0]LogInit:  - CertBundlePath = nullptr  - Libcurl will use whatever was configured at build time.
[2016.03.21-02.32.01:617][  0]LogInit: WinSock: version 1.1 (2.2), MaxSocks=32767, MaxUdp=65467
[2016.03.21-02.32.01:718][  0]LogVoice:Warning: Failed to initialize voice interface
[2016.03.21-02.32.01:756][  0]LogInit: Presizing for 0 objects not considered by GC, pre-allocating 0 bytes.
[2016.03.21-02.32.01:762][  0]LogInit: Object subsystem initialized
[2016.03.21-02.32.01:763][  0]LogInit: Selected Device Profile: [Windows]
[2016.03.21-02.32.01:763][  0]LogInit: Applying CVar settings loaded from the selected device profile: [Windows]
[2016.03.21-02.32.01:766][  0]LogConfig:Warning: Failed to saved backup for config[DeviceProfiles]
[2016.03.21-02.32.01:769][  0]LogInit: Computer: JAKE-LABEOTS-PC
[2016.03.21-02.32.01:769][  0]LogInit: User: JakeLabeots
[2016.03.21-02.32.01:769][  0]LogInit: CPU Page size=4096, Cores=4
[2016.03.21-02.32.01:769][  0]LogInit: High frequency timer resolution =3.323577 MHz
[2016.03.21-02.32.01:769][  0]LogMemory: Memory total: Physical=8.0GB (8GB approx)
[2016.03.21-02.32.01:769][  0]LogMemory: Platform Memory Stats for Windows
[2016.03.21-02.32.01:769][  0]LogMemory: Process Physical Memory: 59.36 MB used, 59.36 MB peak
[2016.03.21-02.32.01:769][  0]LogMemory: Process Virtual Memory: 56.95 MB used, 56.95 MB peak
[2016.03.21-02.32.01:769][  0]LogMemory: Physical Memory: 3839.39 MB used, 8149.52 MB total
[2016.03.21-02.32.01:769][  0]LogMemory: Virtual Memory: 385.54 MB used, 134217728.00 MB total
[2016.03.21-02.32.01:803][  0]LogTextLocalizationManager: No specific translations for ('en-US') exist, so ('en') translations will be used.
[2016.03.21-02.32.02:216][  0]LogD3D11RHI: Found D3D11 adapter 0: NVIDIA GeForce GTX 970 (Feature Level 11_0)
[2016.03.21-02.32.02:216][  0]LogD3D11RHI: Adapter has 4007MB of dedicated video memory, 0MB of dedicated system memory, and 4074MB of shared system memory, 2 output[s]
[2016.03.21-02.32.02:223][  0]LogD3D11RHI: Found D3D11 adapter 1: Microsoft Basic Render Driver (Feature Level 11_0)
[2016.03.21-02.32.02:223][  0]LogD3D11RHI: Adapter has 0MB of dedicated video memory, 0MB of dedicated system memory, and 4074MB of shared system memory, 0 output[s]
[2016.03.21-02.32.02:223][  0]LogD3D11RHI: Chosen D3D11 Adapter Id = 0
[2016.03.21-02.32.02:226][  0]LogD3D11RHI: !Direct3DDevice
[2016.03.21-02.32.02:226][  0]LogRHI: Texture pool is 1361 MB (70% of 1945 MB)
[2016.03.21-02.32.02:237][  0]LogD3D11RHI: Async texture creation enabled
[2016.03.21-02.32.02:254][  0]LogShaderCompilers: Guid format shader working directory is -8 characters bigger than the processId version (../../../../../../Users/Jake-Labeots/Perforce/multiplayer/Intermediate/Shaders/WorkingDirectory/1256/).
[2016.03.21-02.32.02:254][  0]LogShaderCompilers: Cleaned the shader compiler working directory 'C:/Users/JAKE-L~1/AppData/Local/Temp/UnrealShaderWorkingDir/CA28327343D0BF3A4EE6EE890C3CE525/'.
[2016.03.21-02.32.02:254][  0]LogShaderCompilers:Display: Using Local Shader Compiler.
[2016.03.21-02.32.03:124][  0]LogTemp:Display: Loaded TP AllDesktopTargetPlatform
[2016.03.21-02.32.03:129][  0]LogTemp:Display: Loaded TP WindowsClientTargetPlatform
[2016.03.21-02.32.03:133][  0]LogTemp:Display: Loaded TP WindowsNoEditorTargetPlatform
[2016.03.21-02.32.03:139][  0]LogTemp:Display: Loaded TP WindowsServerTargetPlatform
[2016.03.21-02.32.03:144][  0]LogTemp:Display: Loaded TP WindowsTargetPlatform
[2016.03.21-02.32.03:146][  0]LogTemp:Display: Loaded TP AndroidTargetPlatform
[2016.03.21-02.32.03:149][  0]LogTemp:Display: Loaded TP Android_ASTCTargetPlatform
[2016.03.21-02.32.03:152][  0]LogTemp:Display: Loaded TP Android_ATCTargetPlatform
[2016.03.21-02.32.03:155][  0]LogTemp:Display: Loaded TP Android_DXTTargetPlatform
[2016.03.21-02.32.03:158][  0]LogTemp:Display: Loaded TP Android_ETC1TargetPlatform
[2016.03.21-02.32.03:160][  0]LogTemp:Display: Loaded TP Android_ETC2TargetPlatform
[2016.03.21-02.32.03:166][  0]LogTemp:Display: Loaded TP Android_MultiTargetPlatform
[2016.03.21-02.32.03:166][  0]LogTemp:Display: Loaded TP Android_PVRTCTargetPlatform
[2016.03.21-02.32.03:167][  0]LogTemp:Display: Loaded TP HTML5TargetPlatform
[2016.03.21-02.32.03:185][  0]LogTemp:Display: Loaded TP IOSTargetPlatform
[2016.03.21-02.32.03:187][  0]LogTemp:Display: Loaded TP LinuxNoEditorTargetPlatform
[2016.03.21-02.32.03:190][  0]LogTemp:Display: Loaded TP LinuxServerTargetPlatform
[2016.03.21-02.32.03:193][  0]LogTemp:Display: Loaded TP LinuxTargetPlatform
[2016.03.21-02.32.03:193][  0]LogTargetPlatformManager:Display: Building Assets For Windows
[2016.03.21-02.32.03:279][  0]LogDerivedDataCache:Display: Max Cache Size: 512 MB
[2016.03.21-02.32.03:322][  0]LogDerivedDataCache: Loaded boot cache 0.04s 41MB C:/Users/Jake-Labeots/AppData/Local/UnrealEngine/4.10/DerivedDataCache/Boot.ddc.
[2016.03.21-02.32.03:322][  0]LogDerivedDataCache:Display: Loaded Boot cache: C:/Users/Jake-Labeots/AppData/Local/UnrealEngine/4.10/DerivedDataCache/Boot.ddc
[2016.03.21-02.32.03:322][  0]LogDerivedDataCache: FDerivedDataBackendGraph:  Pak pak cache file ../../../../../../Users/Jake-Labeots/Perforce/multiplayer/DerivedDataCache/DDC.ddp not found, will not use a pak cache.
[2016.03.21-02.32.03:322][  0]LogDerivedDataCache: Unable to find inner node Pak for hierarchical cache Hierarchy.
[2016.03.21-02.32.03:322][  0]LogDerivedDataCache: FDerivedDataBackendGraph:  CompressedPak pak cache file ../../../../../../Users/Jake-Labeots/Perforce/multiplayer/DerivedDataCache/Compressed.ddp not found, will not use a pak cache.
[2016.03.21-02.32.03:322][  0]LogDerivedDataCache: Unable to find inner node CompressedPak for hierarchical cache Hierarchy.
[2016.03.21-02.32.03:375][  0]LogDerivedDataCache:Display: Pak cache opened for reading ../../../Engine/DerivedDataCache/Compressed.ddp.
[2016.03.21-02.32.03:387][  0]LogDerivedDataCache: Using Local data cache path C:/Users/Jake-Labeots/AppData/Local/UnrealEngine/Common/DerivedDataCache: Writable
[2016.03.21-02.32.03:583][  0]LogInit: Selected Device Profile: [Windows]
[2016.03.21-02.32.03:587][  0]LogContentStreaming: Texture pool size is 0.000000MB
[2016.03.21-02.32.03:654][  0]LogConfig:Warning: Failed to saved backup for config[TemplateDefs]
[2016.03.21-02.32.03:658][  0]LogConfig:Warning: Failed to saved backup for config[GameplayTags]
[2016.03.21-02.32.03:686][  0]LogMeshUtilities: No automatic mesh reduction module available
[2016.03.21-02.32.03:686][  0]LogMeshUtilities: No automatic mesh merging module available
[2016.03.21-02.32.04:643][  0]UdpMessaging: Initializing bridge on interface 0.0.0.0:0 to multicast group 230.0.0.1:6666.
[2016.03.21-02.32.04:742][  0]LogAssetRegistry: FAssetRegistry took 0.0113 seconds to start up
[2016.03.21-02.32.04:756][  0]LogConfig:Warning: Failed to saved backup for config[InternationalizationExport]
[2016.03.21-02.32.04:758][  0]LogConfig:Warning: Failed to saved backup for config[TranslationPickerSettings]
[2016.03.21-02.32.04:895][  0]LogConfig:Warning: Failed to saved backup for config[SourceControlSettings]
[2016.03.21-02.32.04:896][  0]LogConfig:Warning: Failed to saved backup for config[SourceControlSettings]
[2016.03.21-02.32.04:896][  0]SourceControl: Info Source control is disabled
[2016.03.21-02.32.04:897][  0]SourceControl: Info Source control is disabled
[2016.03.21-02.32.05:284][  0]LogFileManager:Warning: DeleteFile was unable to delete '../../../../../../Users/Jake-Labeots/Perforce/multiplayer/Intermediate/CachedAssetRegistry.bin', retrying in .5s...
[2016.03.21-02.32.05:284][  0]LogObj: 28633 objects as part of root set at end of initial load.
[2016.03.21-02.32.05:284][  0]LogUObjectAllocator: 6099752 out of 0 bytes used by permanent object pool.
[2016.03.21-02.32.05:338][  0]LogEngine: Initializing Engine...
[2016.03.21-02.32.05:340][  0]LogHMD: Can't find Oculus library dev build: is proper Runtime installed? Version: 0.8.0.0
[2016.03.21-02.32.05:341][  0]LogHMD: SteamVR failed to initialize.  Err: 110
[2016.03.21-02.32.05:466][  0]LogAIModule: Creating AISystem for world NewWorld
[2016.03.21-02.32.05:476][  0]LogInit: XAudio2 using 'Speakers (M-Audio Mobile Pre MKII)' : 2 channels at 44.1 kHz using 32 bits per sample (channel mask 0x3)
[2016.03.21-02.32.05:494][  0]LogInit: FAudioDevice initialized.
[2016.03.21-02.32.05:515][  0]LogDerivedDataCache: Saved boot cache 0.02s 41MB C:/Users/Jake-Labeots/AppData/Local/UnrealEngine/4.10/DerivedDataCache/Boot.ddc.
[2016.03.21-02.32.05:518][  0]LogInit: Texture streaming: Enabled
[2016.03.21-02.32.05:525][  0]LogAnalytics: Creating configured Analytics provider AnalyticsET
[2016.03.21-02.32.05:525][  0]LogAnalytics: [UEEditor.Rocket.Release] APIServer = http://et2.epicgames.com/ET2/. AppVersion = 4.10.4-2872498+++depot+UE4-Releases+4.10
[2016.03.21-02.32.05:525][  0]LogAnalytics: [UEEditor.Rocket.Release] SetUserId 1c408550412074472577dbb807d1551c|97c76976fa3740d3b226398cc3775821|3c95985a-48c0-43f1-86b1-53582fe17255
[2016.03.21-02.32.05:525][  0]LogAnalytics: [UEEditor.Rocket.Release] AnalyticsET::StartSession
[2016.03.21-02.32.05:531][  0]LogFileManager:Error: Error deleting file '../../../../../../Users/Jake-Labeots/Perforce/multiplayer/Intermediate/CachedAssetRegistry.bin'.
[2016.03.21-02.32.05:614][  0]LogInit: Transaction tracking system initialized
[2016.03.21-02.32.05:644][  0]BlueprintLog: New page: Editor Load
[2016.03.21-02.32.06:061][  0]LogConfig:Warning: Failed to saved backup for config[LocalizationServiceSettings]
[2016.03.21-02.32.06:062][  0]LogConfig:Warning: Failed to saved backup for config[LocalizationServiceSettings]
[2016.03.21-02.32.06:062][  0]LocalizationService: Info Localization service is disabled
[2016.03.21-02.32.06:315][  0]LogConsoleResponse:Display: 
[2016.03.21-02.32.06:414][  0]LogCook:Display: Done creating registry. It took  0.00s.
[2016.03.21-02.32.06:494][  0]LogFileCache: Scanning file cache for directory 'C:/Users/Jake-Labeots/Perforce/multiplayer/Content/' took 0.01s
[2016.03.21-02.32.06:494][  0]Cmd: MAP LOAD FILE="../../../../../../Users/Jake-Labeots/Perforce/multiplayer/Content/ThirdPersonBP/Maps/ThirdPersonExampleMap.umap" TEMPLATE=0 SHOWPROGRESS=1 FEATURELEVEL=3
[2016.03.21-02.32.06:494][  0]LightingResults: New page: Lighting Build
[2016.03.21-02.32.06:497][  0]MapCheck: New page: Map Check
[2016.03.21-02.32.06:497][  0]LightingResults: New page: Lighting Build
[2016.03.21-02.32.06:508][  0]LogParticles: Destroying 0 GPU particle simulations for FXSystem 0x0000025B2BF2B420
[2016.03.21-02.32.09:576][  0]LogAIModule: Creating AISystem for world ThirdPersonExampleMap
[2016.03.21-02.32.09:584][  0]LogEditorServer: Finished looking for orphan Actors (0.000 secs)
[2016.03.21-02.32.09:585][  0]Cmd: MAP CHECKDEP NOCLEARLOG
[2016.03.21-02.32.09:633][  0]MapCheck: Info Map check complete: 0 Error(s), 0 Warning(s), took 47.792ms to complete.
[2016.03.21-02.32.09:633][  0]LogFileHelpers: Loading map 'ThirdPersonExampleMap' took 3.139
[2016.03.21-02.32.10:364][  0]LogSourceControl: Attempting 'p4 client -o Jake_Multiplayer'
[2016.03.21-02.32.10:364][  0]LogCollectionManager: Loaded 0 collections in 0.002332 seconds
[2016.03.21-02.32.10:500][  0]LogFileCache: Scanning file cache for directory 'C:/Users/Jake-Labeots/Perforce/multiplayer/Saved/Collections/' took 0.01s
[2016.03.21-02.32.10:500][  0]LogFileCache: Scanning file cache for directory 'C:/Users/Jake-Labeots/Perforce/multiplayer/Content/Developers/JakeLabeots/Collections/' took 0.01s
[2016.03.21-02.32.10:500][  0]LogFileCache: Scanning file cache for directory 'C:/Users/Jake-Labeots/Perforce/multiplayer/Content/Collections/' took 0.01s
[2016.03.21-02.32.10:500][  0]LogCollectionManager: Rebuilt the GUID cache for 0 collections in 0.000002 seconds
[2016.03.21-02.32.10:507][  0]LogContentBrowser: Native class hierarchy populated in 0.0072 seconds. Added 1893 classes and 338 folders.
[2016.03.21-02.32.10:517][  0]LogContentBrowser: Native class hierarchy updated for 'WidgetCarousel' in 0.0003 seconds. Added 0 classes and 0 folders.
[2016.03.21-02.32.12:809][  0]LogContentBrowser: Native class hierarchy updated for 'AddContentDialog' in 0.0003 seconds. Added 0 classes and 0 folders.
[2016.03.21-02.32.12:846][  0]LogContentBrowser: Native class hierarchy updated for 'SceneOutliner' in 0.0003 seconds. Added 1 classes and 2 folders.
[2016.03.21-02.32.12:890][  0]LogCrashTracker: Crashtracker disabled due to settings.
[2016.03.21-02.32.12:895][  0]LogUObjectGlobals:Warning: Failed to find object 'Class None.'
[2016.03.21-02.32.12:935][  0]LogLoad: Full Startup: 11.90 seconds (BP compile: 0.37 seconds)
[2016.03.21-02.32.12:947][  0]LogOcInput: Can't find Oculus library dev build: is proper Runtime installed? Version: 0.8.0.0
[2016.03.21-02.32.12:948][  0]LogFileManager:Warning: DeleteFile was unable to delete 'C:/Users/Jake-Labeots/Perforce/multiplayer/Intermediate/ReimportCache/3688439234.bin', retrying in .5s...
[2016.03.21-02.32.13:449][  0]LogFileManager:Error: Error deleting file 'C:/Users/Jake-Labeots/Perforce/multiplayer/Intermediate/ReimportCache/3688439234.bin'.
[2016.03.21-02.32.48:225][  0]LogOutputDevice:Warning: === Handled error: ===

Ensure condition failed: bMoved [File:D:\BuildFarm\buildmachine_++depot+UE4-Releases+4.10\Engine\Source\Developer\DirectoryWatcher\Private\FileCache.cpp] [Line: 527]
Unable to move file-cache for 'C:/Users/Jake-Labeots/Perforce/multiplayer/Content/' from 'C:/Users/Jake-Labeots/Perforce/multiplayer/Intermediate/ReimportCache/3688439234.bin.tmp' to 'C:/Users/Jake-Labeots/Perforce/multiplayer/Intermediate/ReimportCache/3688439234.bin'.
Stack: 
UE4Editor-Core.dll!FWindowsPlatformStackWalk::StackWalkAndDump() [d:\buildfarm\buildmachine_++depot+ue4-releases+4.10\engine\source\runtime\core\private\windows\windowsplatformstackwalk.cpp:175]
UE4Editor-Core.dll!FDebug::EnsureFailed() [d:\buildfarm\buildmachine_++depot+ue4-releases+4.10\engine\source\runtime\core\private\misc\outputdevice.cpp:276]
UE4Editor-Core.dll!FDebug::OptionallyLogFormattedEnsureMessageReturningFalse() [d:\buildfarm\buildmachine_++depot+ue4-releases+4.10\engine\source\runtime\core\private\misc\outputdevice.cpp:385]
UE4Editor-DirectoryWatcher.dll!DirectoryWatcher::FFileCache::WriteCache() [d:\buildfarm\buildmachine_++depot+ue4-releases+4.10\engine\source\developer\directorywatcher\private\filecache.cpp:527]
UE4Editor-UnrealEd.dll!FAutoReimportManager::Idle() [d:\buildfarm\buildmachine_++depot+ue4-releases+4.10\engine\source\editor\unrealed\private\autoreimport\autoreimportmanager.cpp:615]
UE4Editor-UnrealEd.dll!<lambda_794213ebae30b52efd5c6e4268c1086c>::operator()() [d:\buildfarm\buildmachine_++depot+ue4-releases+4.10\engine\source\editor\unrealed\private\autoreimport\autoreimportmanager.cpp:244]
UE4Editor-UnrealEd.dll!UE4Function_Private::TFunctionRefCaller<<lambda_794213ebae30b52efd5c6e4268c1086c>,TOptional<enum ECurrentState> __cdecl(DirectoryWatcher::FTimeLimit const & __ptr64)>::Call() [d:\buildfarm\buildmachine_++depot+ue4-releases+4.10\engine\source\runtime\core\public\templates\function.h:180]
UE4Editor-UnrealEd.dll!UE4Function_Private::TFunctionRefBase<TOptional<enum ECurrentState> __cdecl(DirectoryWatcher::FTimeLimit const & __ptr64)>::operator()() [d:\buildfarm\buildmachine_++depot+ue4-releases+4.10\engine\source\runtime\core\public\templates\function.h:217]
UE4Editor-UnrealEd.dll!FStateMachine<enum ECurrentState>::Tick() [d:\buildfarm\buildmachine_++depot+ue4-releases+4.10\engine\source\editor\unrealed\private\autoreimport\autoreimportmanager.cpp:50]
UE4Editor-UnrealEd.dll!FAutoReimportManager::Tick() [d:\buildfarm\buildmachine_++depot+ue4-releases+4.10\engine\source\editor\unrealed\private\autoreimport\autoreimportmanager.cpp:666]
UE4Editor-UnrealEd.dll!FTickableEditorObject::TickObjects() [d:\buildfarm\buildmachine_++depot+ue4-releases+4.10\engine\source\editor\unrealed\public\tickableeditorobject.h:15]
UE4Editor-UnrealEd.dll!UEditorEngine::Tick() [d:\buildfarm\buildmachine_++depot+ue4-releases+4.10\engine\source\editor\unrealed\private\editorengine.cpp:1116]
UE4Editor-UnrealEd.dll!UUnrealEdEngine::Tick() [d:\buildfarm\buildmachine_++depot+ue4-releases+4.10\engine\source\editor\unrealed\private\unrealedengine.cpp:361]
UE4Editor.exe!FEngineLoop::Tick() [d:\buildfarm\buildmachine_++depot+ue4-releases+4.10\engine\source\runtime\launch\private\launchengineloop.cpp:2427]
UE4Editor.exe!GuardedMain() [d:\buildfarm\buildmachine_++depot+ue4-releases+4.10\engine\source\runtime\launch\private\launch.cpp:142]
UE4Editor.exe!GuardedMainWrapper() [d:\buildfarm\buildmachine_++depot+ue4-releases+4.10\engine\source\runtime\launch\private\windows\launchwindows.cpp:126]
UE4Editor.exe!WinMain() [d:\buildfarm\buildmachine_++depot+ue4-releases+4.10\engine\source\runtime\launch\private\windows\launchwindows.cpp:200]
UE4Editor.exe!__scrt_common_main_seh() [f:\dd\vctools\crt\vcstartup\src\startup\exe_common.inl:264]
KERNEL32.DLL
ntdll.dll
ntdll.dll

[2016.03.21-02.33.00:622][  0]SourceControl: Info Client Jake_Multiplayer
[2016.03.21-02.33.00:622][  0]SourceControl: Info Update 2016/03/18 13:46:00
[2016.03.21-02.33.00:622][  0]SourceControl: Info Access 2016/03/18 14:00:09
[2016.03.21-02.33.00:622][  0]SourceControl: Info Owner pi
[2016.03.21-02.33.00:622][  0]SourceControl: Info Host Jake-Labeots-PC
[2016.03.21-02.33.00:622][  0]SourceControl: Info Description Created by pi.

[2016.03.21-02.33.00:622][  0]SourceControl: Info Root C:\Users\Jake-Labeots\Perforce\multiplayer
[2016.03.21-02.33.00:622][  0]SourceControl: Info Options noallwrite noclobber nocompress unlocked nomodtime normdir
[2016.03.21-02.33.00:622][  0]SourceControl: Info SubmitOptions submitunchanged
[2016.03.21-02.33.00:622][  0]SourceControl: Info LineEnd local
[2016.03.21-02.33.00:622][  0]SourceControl: Info View0 //Multiplayer/... //Jake_Multiplayer/...
[2016.03.21-02.33.00:622][  0]SourceControl: Info View1 //Multiplayer/* //Jake_Multiplayer/*
[2016.03.21-02.33.00:623][  0]SourceControl: Info specFormatted 
[2016.03.21-02.33.00:661][  0]SourceControl: Info func client-FstatInfo
[2016.03.21-02.33.00:751][  0]LogContentStreaming: Texture pool size now 1000 MB
[2016.03.21-02.33.03:288][  0]LogRenderer: Reallocating scene render targets to support 1208x580 (Frame:2).
[2016.03.21-02.33.14:342][ 12]LogAssetRegistry: Asset discovery search completed in 69.6131 seconds
[2016.03.21-02.33.14:562][ 12]LogCollectionManager: Rebuilt the object cache for 0 collections in 0.000002 seconds (found 0 objects)
[2016.03.21-02.33.14:565][ 12]LogCollectionManager: Fixed up redirectors for 0 collections in 0.102602 seconds (updated 0 objects)
[2016.03.21-02.33.47:432][435]LogBlueprintUserMessages: Early PlayInEditor Detection: Level '/Game/ThirdPersonBP/Maps/ThirdPersonExampleMap.ThirdPersonExampleMap:PersistentLevel' has LevelScriptBlueprint '/Game/ThirdPersonBP/Maps/ThirdPersonExampleMap.ThirdPersonExampleMap:PersistentLevel.ThirdPersonExampleMap' with GeneratedClass '/Game/ThirdPersonBP/Maps/ThirdPersonExampleMap.ThirdPersonExampleMap_C' with ClassGeneratedBy '/Game/ThirdPersonBP/Maps/ThirdPersonExampleMap.ThirdPersonExampleMap:PersistentLevel.ThirdPersonExampleMap'
[2016.03.21-02.33.47:432][435]LogPlayLevel: PlayLevel: No blueprints needed recompiling
[2016.03.21-02.33.47:475][435]PIE: New page: PIE session: ThirdPersonExampleMap (Mar 20, 2016, 4:33:47 PM)
[2016.03.21-02.33.47:502][435]LogPlayLevel: Creating play world package: /Game/ThirdPersonBP/Maps/UEDPIE_1_ThirdPersonExampleMap
[2016.03.21-02.33.47:741][435]LogPlayLevel: PIE: StaticDuplicateObject took: (0.239435s)
[2016.03.21-02.33.47:742][435]LogAIModule: Creating AISystem for world ThirdPersonExampleMap
[2016.03.21-02.33.47:742][435]LogPlayLevel: PIE: World Init took: (0.000938s)
[2016.03.21-02.33.47:743][435]LogPlayLevel: PIE: Created PIE world by copying editor world from /Game/ThirdPersonBP/Maps/ThirdPersonExampleMap.ThirdPersonExampleMap to /Game/ThirdPersonBP/Maps/UEDPIE_1_ThirdPersonExampleMap.ThirdPersonExampleMap (0.250758s)
[2016.03.21-02.33.47:791][435]LogActorComponent: UnregisterComponent: (/Engine/Transient.ProjectileMovement_GEN_VARIABLE) Not registered. Aborting.
[2016.03.21-02.33.48:191][435]LogInit: XAudio2 using 'Speakers (M-Audio Mobile Pre MKII)' : 2 channels at 44.1 kHz using 32 bits per sample (channel mask 0x3)
[2016.03.21-02.33.48:198][435]LogInit: FAudioDevice initialized.
[2016.03.21-02.33.48:580][435]LogWorld: Game class is 'ThirdPersonGameMode_C'
[2016.03.21-02.33.48:757][435]LogWorld: Bringing World /Game/ThirdPersonBP/Maps/UEDPIE_1_ThirdPersonExampleMap.ThirdPersonExampleMap up for play (max tick rate 0) at 2016.03.20-21.33.48
[2016.03.21-02.33.48:757][435]LogActor:Warning: GameSession /Game/ThirdPersonBP/Maps/UEDPIE_1_ThirdPersonExampleMap.ThirdPersonExampleMap:PersistentLevel.GameSession_0 has natively added scene component(s), but none of them were set as the actor's RootComponent - picking one arbitrarily
[2016.03.21-02.33.48:758][435]LogActor:Warning: GameNetworkManager /Game/ThirdPersonBP/Maps/UEDPIE_1_ThirdPersonExampleMap.ThirdPersonExampleMap:PersistentLevel.GameNetworkManager_0 has natively added scene component(s), but none of them were set as the actor's RootComponent - picking one arbitrarily
[2016.03.21-02.33.48:857][435]LogWorld: Bringing up level for play took: 0.125308
[2016.03.21-02.33.48:886][435]LogVoice:Warning: Failed to initialize voice interface
[2016.03.21-02.33.49:071][435]LogInit: WinSock: Socket queue 131072 / 131072
[2016.03.21-02.33.49:081][435]LogInit: WinSock: I am Jake-Labeots-PC (143.200.126.223:0)
[2016.03.21-02.33.49:100][435]LogNet: GameNetDriver IpNetDriver_0 IpNetDriver listening on port 7777
[2016.03.21-02.33.49:102][435]LogOnline:Warning: NULL: Can't start an online game for session (Game) that hasn't been created
[2016.03.21-02.33.49:218][435]PIE: Info Play in editor start time for /Game/ThirdPersonBP/Maps/UEDPIE_1_ThirdPersonExampleMap 1.055
[2016.03.21-02.33.49:238][435]PIE: New page: PIE session: ThirdPersonExampleMap (Mar 20, 2016, 4:33:49 PM)
[2016.03.21-02.33.49:339][435]LogNet: Browse: 127.0.0.1//Game/ThirdPersonBP/Maps/ThirdPersonExampleMap
[2016.03.21-02.33.49:366][435]LogInit: WinSock: Socket queue 32768 / 32768
[2016.03.21-02.33.49:384][435]LogNet: Game client on port 7777, rate 10000
[2016.03.21-02.33.49:385][435]LogNet: GetLocalNetworkVersion: GEngineNetVersion: 2872498, ProjectName: multiplayer, ProjectVersion: 1.0.0.0, InternalProtocolVersion: 9, LocalNetworkVersion: 1550881971
[2016.03.21-02.33.49:430][435]PIE: Info Play in editor start time for /Game/ThirdPersonBP/Maps/ThirdPersonExampleMap 1.268
[2016.03.21-02.33.49:434][435]LogBlueprintUserMessages: Late PlayInEditor Detection: Level '/Game/ThirdPersonBP/Maps/ThirdPersonExampleMap.ThirdPersonExampleMap:PersistentLevel' has LevelScriptBlueprint '/Game/ThirdPersonBP/Maps/ThirdPersonExampleMap.ThirdPersonExampleMap:PersistentLevel.ThirdPersonExampleMap' with GeneratedClass '/Game/ThirdPersonBP/Maps/ThirdPersonExampleMap.ThirdPersonExampleMap_C' with ClassGeneratedBy '/Game/ThirdPersonBP/Maps/ThirdPersonExampleMap.ThirdPersonExampleMap:PersistentLevel.ThirdPersonExampleMap'
[2016.03.21-02.33.49:461][435]LogNet: NotifyAcceptingConnection: Server ThirdPersonExampleMap accept
[2016.03.21-02.33.49:461][435]LogNet: Open ThirdPersonExampleMap 03/20/16 21:33:49 127.0.0.1
[2016.03.21-02.33.49:461][435]LogNet: Added client connection.  Remote address = 127.0.0.1:52368
[2016.03.21-02.33.49:463][435]LogNet: NotifyAcceptingChannel Control 0 server World /Game/ThirdPersonBP/Maps/UEDPIE_1_ThirdPersonExampleMap.ThirdPersonExampleMap: Accepted
[2016.03.21-02.33.49:463][435]LogNet: Remote platform little endian=1
[2016.03.21-02.33.49:463][435]LogNet: This platform little endian=1
[2016.03.21-02.33.49:463][435]LogNet: GetLocalNetworkVersion: GEngineNetVersion: 2872498, ProjectName: multiplayer, ProjectVersion: 1.0.0.0, InternalProtocolVersion: 9, LocalNetworkVersion: 1550881971
[2016.03.21-02.33.49:759][435]LogVoice:Warning: Failed to initialize voice interface
[2016.03.21-02.33.49:843][436]LogRenderer: Reallocating scene render targets to support 1208x768 (Frame:9).
[2016.03.21-02.33.49:940][436]LogNet: Login request: /Game/ThirdPersonBP/Maps/ThirdPersonExampleMap?Name=Jake-Labeots-PC-65B0A22741CFB8F66CAFA88CF6DCBD9F userId: Jake-Labeots-PC-65B0A22741CFB8F66CAFA88CF6DCBD9F
[2016.03.21-02.33.49:942][436]LogNet: Welcomed by server (Level: /Game/ThirdPersonBP/Maps/UEDPIE_1_ThirdPersonExampleMap, Game: /Game/ThirdPersonBP/Blueprints/ThirdPersonGameMode.ThirdPersonGameMode_C)
[2016.03.21-02.33.49:968][436]LogLoad: LoadMap: 127.0.0.1//Game/ThirdPersonBP/Maps/UEDPIE_1_ThirdPersonExampleMap?game=/Game/ThirdPersonBP/Blueprints/ThirdPersonGameMode.ThirdPersonGameMode_C
[2016.03.21-02.33.50:012][436]LogParticles: Destroying 0 GPU particle simulations for FXSystem 0x0000025B1F034B80
[2016.03.21-02.33.50:017][436]Cmd: MEM
[2016.03.21-02.33.50:254][436]LogMemory: Platform Memory Stats for Windows
[2016.03.21-02.33.50:254][436]LogMemory: Process Physical Memory: 3572.29 MB used, 3606.51 MB peak
[2016.03.21-02.33.50:254][436]LogMemory: Process Virtual Memory: 4538.43 MB used, 4543.09 MB peak
[2016.03.21-02.33.50:254][436]LogMemory: Physical Memory: 7735.00 MB used, 8149.52 MB total
[2016.03.21-02.33.50:254][436]LogMemory: Virtual Memory: 5721.85 MB used, 134217728.00 MB total
[2016.03.21-02.33.50:254][436]LogMemory: 
[2016.03.21-02.33.50:254][436]Allocator Stats for TBB: (not implemented)
[2016.03.21-02.33.50:310][436]LogWorld: PIE: Copying PIE streaming level from /Game/ThirdPersonBP/Maps/ThirdPersonExampleMap.ThirdPersonExampleMap to /Game/ThirdPersonBP/Maps/UEDPIE_2_ThirdPersonExampleMap.ThirdPersonExampleMap. OwningWorld: None
[2016.03.21-02.33.50:310][436]LogAIModule: Creating AISystem for world ThirdPersonExampleMap
[2016.03.21-02.33.50:363][436]LogWorld: Bringing World /Game/ThirdPersonBP/Maps/UEDPIE_2_ThirdPersonExampleMap.ThirdPersonExampleMap up for play (max tick rate 0) at 2016.03.20-21.33.50
[2016.03.21-02.33.50:398][436]LogWorld: Bringing up level for play took: 0.038905
[2016.03.21-02.33.50:450][437]LogNet: Client netspeed is 10000
[2016.03.21-02.33.50:450][437]LogNet: Join request: /Game/ThirdPersonBP/Maps/ThirdPersonExampleMap?Name=Jake-Labeots-PC-65B0A22741CFB8F66CAFA88CF6DCBD9F?SplitscreenCount=1
[2016.03.21-02.33.50:451][437]LogOnline:Warning: NULL: No game present to join for session (Game)
[2016.03.21-02.33.50:504][437]LogNet: Join succeeded: Jake-Labeots-PC-65B0
[2016.03.21-02.33.50:660][438]LogOnline:Warning: NULL: No game present to join for session (Game)
[2016.03.21-02.33.50:671][438]LogOnline:Warning: NULL: No game present to join for session (Game)
[2016.03.21-02.34.54:978][192]LogPackageName: SearchForPackageOnDisk took   1.286s to resolve ThirdPersonExampleMap.umap.
[2016.03.21-02.34.54:992][192]LogBlueprintUserMessages: [MPGameInstance_C_0] Server: Session Created
[2016.03.21-02.34.54:992][192]LogBlueprintUserMessages: [MPMenu_C_0] Server: button pressed
[2016.03.21-02.34.55:068][192]LogPackageName: SearchForPackageOnDisk took   0.076s to resolve ThirdPersonExampleMap.umap.
[2016.03.21-02.34.55:068][192]LogNet: Browse: /Game/ThirdPersonBP/Maps/ThirdPersonExampleMap?listen
[2016.03.21-02.34.55:068][192]LogLoad: LoadMap: /Game/ThirdPersonBP/Maps/ThirdPersonExampleMap?listen
[2016.03.21-02.34.55:068][192]LogNet: World NetDriver shutdown IpNetDriver_0 [GameNetDriver]
[2016.03.21-02.34.55:068][192]LogNet: DestroyNamedNetDriver IpNetDriver_0 [GameNetDriver]
[2016.03.21-02.34.55:122][192]LogNet: UNetConnection::Cleanup: Closing open connection. Name: IpConnection_1, RemoteAddr: 127.0.0.1:52368 Driver: GameNetDriver, PC: PlayerController_2, Owner: PlayerController_2
[2016.03.21-02.34.55:122][192]LogNet: UNetConnection::Close: Name: IpConnection_1, Driver: GameNetDriver IpNetDriver_0, PC: PlayerController_2, Owner: PlayerController_2, Channels: 11, RemoteAddr: 127.0.0.1:52368, Time: 2016.03.21-02.34.55
[2016.03.21-02.34.55:122][192]LogNet: UChannel::Close: Sending CloseBunch. ChIndex == 0. Name: ControlChannel_1
[2016.03.21-02.34.55:135][192]LogExit: GameNetDriver IpNetDriver_0 shut down
[2016.03.21-02.34.55:300][192]LogParticles: Destroying 0 GPU particle simulations for FXSystem 0x0000025B2D1CC5E0
[2016.03.21-02.34.55:411][192]Cmd: MEM
[2016.03.21-02.34.55:424][192]LogMemory: Platform Memory Stats for Windows
[2016.03.21-02.34.55:424][192]LogMemory: Process Physical Memory: 3662.83 MB used, 3672.65 MB peak
[2016.03.21-02.34.55:424][192]LogMemory: Process Virtual Memory: 4500.96 MB used, 4640.91 MB peak
[2016.03.21-02.34.55:424][192]LogMemory: Physical Memory: 7810.13 MB used, 8149.52 MB total
[2016.03.21-02.34.55:424][192]LogMemory: Virtual Memory: 5769.97 MB used, 134217728.00 MB total
[2016.03.21-02.34.55:424][192]LogMemory: 
[2016.03.21-02.34.55:424][192]Allocator Stats for TBB: (not implemented)
[2016.03.21-02.34.55:424][192]LogPlayLevel: Creating play world package: /Game/ThirdPersonBP/Maps/UEDPIE_1_ThirdPersonExampleMap
[2016.03.21-02.34.55:444][192]LogPlayLevel: PIE: StaticDuplicateObject took: (0.019362s)
[2016.03.21-02.34.55:444][192]LogAIModule: Creating AISystem for world ThirdPersonExampleMap
[2016.03.21-02.34.55:444][192]LogPlayLevel: PIE: World Init took: (0.000814s)
[2016.03.21-02.34.55:445][192]LogPlayLevel: PIE: Created PIE world by copying editor world from /Game/ThirdPersonBP/Maps/ThirdPersonExampleMap.ThirdPersonExampleMap to /Game/ThirdPersonBP/Maps/UEDPIE_1_ThirdPersonExampleMap.ThirdPersonExampleMap (0.020458s)
[2016.03.21-02.34.55:445][192]LogWorld: Game class is 'ThirdPersonGameMode_C'
[2016.03.21-02.34.55:445][192]LogInit: WinSock: Socket queue 131072 / 131072
[2016.03.21-02.34.55:445][192]LogNet: GameNetDriver IpNetDriver_2 IpNetDriver listening on port 7777
[2016.03.21-02.34.55:460][192]LogWorld: Bringing World /Game/ThirdPersonBP/Maps/UEDPIE_1_ThirdPersonExampleMap.ThirdPersonExampleMap up for play (max tick rate 0) at 2016.03.20-21.34.55
[2016.03.21-02.34.55:460][192]LogActor:Warning: GameSession /Game/ThirdPersonBP/Maps/UEDPIE_1_ThirdPersonExampleMap.ThirdPersonExampleMap:PersistentLevel.GameSession_1 has natively added scene component(s), but none of them were set as the actor's RootComponent - picking one arbitrarily
[2016.03.21-02.34.55:461][192]LogActor:Warning: GameNetworkManager /Game/ThirdPersonBP/Maps/UEDPIE_1_ThirdPersonExampleMap.ThirdPersonExampleMap:PersistentLevel.GameNetworkManager_1 has natively added scene component(s), but none of them were set as the actor's RootComponent - picking one arbitrarily
[2016.03.21-02.34.55:461][192]LogWorld: Bringing up level for play took: 0.014222
[2016.03.21-02.34.55:462][192]LogOnline:Warning: NULL: Can't start an online session (Game) in state InProgress
[2016.03.21-02.34.55:464][192]LogNet:Warning: Network Failure: GameNetDriver[FailureReceived]: Host closed the connection.
[2016.03.21-02.34.55:464][192]LogNet:Warning: Network Failure: GameNetDriver[FailureReceived]: Host closed the connection.
[2016.03.21-02.34.55:471][192]LogNet: NetworkFailure: FailureReceived, Error: 'Host closed the connection.'
[2016.03.21-02.34.55:472][192]LogNet: UNetConnection::Close: Name: IpConnection_0, Driver: GameNetDriver IpNetDriver_1, PC: PlayerController_3, Owner: PlayerController_3, Channels: 11, RemoteAddr: 127.0.0.1:7777, Time: 2016.03.21-02.34.55
[2016.03.21-02.34.55:472][192]LogNet: UChannel::Close: Sending CloseBunch. ChIndex == 0. Name: ControlChannel_0
[2016.03.21-02.34.55:472][192]LogNet:Warning: Network Failure: GameNetDriver[ConnectionLost]: Your connection to the host has been lost.
[2016.03.21-02.34.55:472][192]LogNet:Warning: Network Failure: GameNetDriver[ConnectionLost]: Your connection to the host has been lost.
[2016.03.21-02.34.55:472][192]LogNet: NetworkFailure: ConnectionLost, Error: 'Your connection to the host has been lost.'
[2016.03.21-02.34.55:472][192]LogNet:Warning: FObjectReplicator::UpdateUnmappedObjects: Connection->State == USOCK_Closed
[2016.03.21-02.34.55:472][192]LogNet:Warning: FObjectReplicator::UpdateUnmappedObjects: Connection->State == USOCK_Closed
[2016.03.21-02.34.55:500][193]LogNet: NotifyAcceptingConnection: Server ThirdPersonExampleMap accept
[2016.03.21-02.34.55:501][193]LogNet: Open ThirdPersonExampleMap 03/20/16 21:34:55 127.0.0.1
[2016.03.21-02.34.55:501][193]LogNet: Added client connection.  Remote address = 127.0.0.1:52368
[2016.03.21-02.34.55:501][193]LogNetTraffic:Warning: High single frame packet loss: 2291
[2016.03.21-02.34.55:501][193]LogSecurity:Warning: 127.0.0.1:52368: Malformed_Packet: UNetConnection::ReceivedPacket: Received control channel close before open
[2016.03.21-02.34.55:501][193]LogSecurity:Warning: 127.0.0.1:52368: Closed: Connection closed
[2016.03.21-02.34.55:502][193]LogNet: UNetConnection::Close: Name: IpConnection_2, Driver: GameNetDriver IpNetDriver_2, PC: NULL, Owner: NULL, Channels: 2, RemoteAddr: 127.0.0.1:52368, Time: 2016.03.21-02.34.55
[2016.03.21-02.34.55:502][193]LogNet: UChannel::Close: Sending CloseBunch. ChIndex == 0. Name: ControlChannel_2
[2016.03.21-02.34.55:503][193]LogNet: Browse: /Game/ThirdPersonBP/Maps/ThirdPersonExampleMap?closed
[2016.03.21-02.34.55:503][193]LogNet: Failed; returning to Entry
[2016.03.21-02.34.55:506][193]LogLoad: LoadMap: /Game/ThirdPersonBP/Maps/ThirdPersonExampleMap?closed
[2016.03.21-02.34.55:506][193]LogNet: World NetDriver shutdown IpNetDriver_1 [GameNetDriver]
[2016.03.21-02.34.55:507][193]LogNet: DestroyNamedNetDriver IpNetDriver_1 [GameNetDriver]
[2016.03.21-02.34.55:507][193]LogExit: GameNetDriver IpNetDriver_1 shut down
[2016.03.21-02.34.55:530][193]LogParticles: Destroying 0 GPU particle simulations for FXSystem 0x0000025B2D1CEC00
[2016.03.21-02.34.55:531][193]Cmd: MEM
[2016.03.21-02.34.55:542][193]LogMemory: Platform Memory Stats for Windows
[2016.03.21-02.34.55:542][193]LogMemory: Process Physical Memory: 3691.06 MB used, 3695.06 MB peak
[2016.03.21-02.34.55:542][193]LogMemory: Process Virtual Memory: 4597.79 MB used, 4640.91 MB peak
[2016.03.21-02.34.55:542][193]LogMemory: Physical Memory: 7841.83 MB used, 8149.52 MB total
[2016.03.21-02.34.55:542][193]LogMemory: Virtual Memory: 5785.97 MB used, 134217728.00 MB total
[2016.03.21-02.34.55:542][193]LogMemory: 
[2016.03.21-02.34.55:542][193]Allocator Stats for TBB: (not implemented)
[2016.03.21-02.34.55:542][193]LogPlayLevel: Creating play world package: /Game/ThirdPersonBP/Maps/UEDPIE_2_ThirdPersonExampleMap
[2016.03.21-02.34.55:561][193]LogPlayLevel: PIE: StaticDuplicateObject took: (0.017820s)
[2016.03.21-02.34.55:561][193]LogAIModule: Creating AISystem for world ThirdPersonExampleMap
[2016.03.21-02.34.55:562][193]LogPlayLevel: PIE: World Init took: (0.000869s)
[2016.03.21-02.34.55:574][193]LogPlayLevel: PIE: Created PIE world by copying editor world from /Game/ThirdPersonBP/Maps/ThirdPersonExampleMap.ThirdPersonExampleMap to /Game/ThirdPersonBP/Maps/UEDPIE_2_ThirdPersonExampleMap.ThirdPersonExampleMap (0.031228s)
[2016.03.21-02.34.55:574][193]LogWorld: Game class is 'ThirdPersonGameMode_C'
[2016.03.21-02.34.55:595][193]LogWorld: Bringing World /Game/ThirdPersonBP/Maps/UEDPIE_2_ThirdPersonExampleMap.ThirdPersonExampleMap up for play (max tick rate 0) at 2016.03.20-21.34.55
[2016.03.21-02.34.55:595][193]LogActor:Warning: GameSession /Game/ThirdPersonBP/Maps/UEDPIE_2_ThirdPersonExampleMap.ThirdPersonExampleMap:PersistentLevel.GameSession_2 has natively added scene component(s), but none of them were set as the actor's RootComponent - picking one arbitrarily
[2016.03.21-02.34.55:595][193]LogActor:Warning: GameNetworkManager /Game/ThirdPersonBP/Maps/UEDPIE_2_ThirdPersonExampleMap.ThirdPersonExampleMap:PersistentLevel.GameNetworkManager_2 has natively added scene component(s), but none of them were set as the actor's RootComponent - picking one arbitrarily
[2016.03.21-02.34.55:596][193]LogWorld: Bringing up level for play took: 0.020078
[2016.03.21-02.34.55:596][193]LogOnline:Warning: NULL: Can't start an online game for session (Game) that hasn't been created
[2016.03.21-02.34.55:618][194]LogNet: NotifyAcceptingConnection: Server ThirdPersonExampleMap accept
[2016.03.21-02.34.55:618][194]LogNet: Open ThirdPersonExampleMap 03/20/16 21:34:55 127.0.0.1
[2016.03.21-02.34.55:618][194]LogNet: Added client connection.  Remote address = 127.0.0.1:52368
[2016.03.21-02.34.55:618][194]LogNetTraffic:Warning: High single frame packet loss: 2292
[2016.03.21-02.34.55:827][218]LogNet: UNetConnection::Cleanup: Closing open connection. Name: IpConnection_3, RemoteAddr: 127.0.0.1:52368 Driver: GameNetDriver, PC: NoPC, Owner: No Owner
[2016.03.21-02.34.55:827][218]LogNet: UNetConnection::Close: Name: IpConnection_3, Driver: GameNetDriver IpNetDriver_2, PC: NULL, Owner: NULL, Channels: 1, RemoteAddr: 127.0.0.1:52368, Time: 2016.03.21-02.34.55
[2016.03.21-02.35.17:746][278]LogBlueprintUserMessages: [MPGameInstance_C_1] joining session
[2016.03.21-02.35.17:747][278]LogNet: Browse: 143.200.126.223//Game/ThirdPersonBP/Maps/ThirdPersonExampleMap
[2016.03.21-02.35.17:747][278]LogInit: WinSock: Socket queue 32768 / 32768
[2016.03.21-02.35.17:748][278]LogNet: Game client on port 7777, rate 10000
[2016.03.21-02.35.17:748][278]LogNet: GetLocalNetworkVersion: GEngineNetVersion: 2872498, ProjectName: multiplayer, ProjectVersion: 1.0.0.0, InternalProtocolVersion: 9, LocalNetworkVersion: 1550881971
[2016.03.21-02.35.17:756][279]LogNet: NotifyAcceptingConnection: Server ThirdPersonExampleMap accept
[2016.03.21-02.35.17:756][279]LogNet: Open ThirdPersonExampleMap 03/20/16 21:35:17 143.200.126.223
[2016.03.21-02.35.17:756][279]LogNet: Added client connection.  Remote address = 143.200.126.223:54888
[2016.03.21-02.35.17:756][279]LogNet: NotifyAcceptingChannel Control 0 server World /Game/ThirdPersonBP/Maps/UEDPIE_1_ThirdPersonExampleMap.ThirdPersonExampleMap: Accepted
[2016.03.21-02.35.17:756][279]LogNet: Remote platform little endian=1
[2016.03.21-02.35.17:756][279]LogNet: This platform little endian=1
[2016.03.21-02.35.17:756][279]LogNet: GetLocalNetworkVersion: GEngineNetVersion: 2872498, ProjectName: multiplayer, ProjectVersion: 1.0.0.0, InternalProtocolVersion: 9, LocalNetworkVersion: 1550881971
[2016.03.21-02.35.17:765][280]LogNet: Login request: /Game/ThirdPersonBP/Maps/ThirdPersonExampleMap?Name=Jake-Labeots-PC-65B0A22741CFB8F66CAFA88CF6DCBD9F userId: Jake-Labeots-PC-65B0A22741CFB8F66CAFA88CF6DCBD9F
[2016.03.21-02.35.17:766][280]LogNet: Welcomed by server (Level: /Game/ThirdPersonBP/Maps/UEDPIE_1_ThirdPersonExampleMap, Game: /Game/ThirdPersonBP/Blueprints/ThirdPersonGameMode.ThirdPersonGameMode_C)
[2016.03.21-02.35.17:767][280]LogLoad: LoadMap: 143.200.126.223//Game/ThirdPersonBP/Maps/UEDPIE_1_ThirdPersonExampleMap?game=/Game/ThirdPersonBP/Blueprints/ThirdPersonGameMode.ThirdPersonGameMode_C
[2016.03.21-02.35.17:782][280]LogParticles: Destroying 0 GPU particle simulations for FXSystem 0x0000025C0EDE8220
[2016.03.21-02.35.17:782][280]Cmd: MEM
[2016.03.21-02.35.17:793][280]LogMemory: Platform Memory Stats for Windows
[2016.03.21-02.35.17:793][280]LogMemory: Process Physical Memory: 3677.56 MB used, 3710.68 MB peak
[2016.03.21-02.35.17:793][280]LogMemory: Process Virtual Memory: 4417.32 MB used, 4640.91 MB peak
[2016.03.21-02.35.17:793][280]LogMemory: Physical Memory: 7828.07 MB used, 8149.52 MB total
[2016.03.21-02.35.17:793][280]LogMemory: Virtual Memory: 5755.97 MB used, 134217728.00 MB total
[2016.03.21-02.35.17:793][280]LogMemory: 
[2016.03.21-02.35.17:793][280]Allocator Stats for TBB: (not implemented)
[2016.03.21-02.35.17:811][280]LogWorld: PIE: Copying PIE streaming level from /Game/ThirdPersonBP/Maps/ThirdPersonExampleMap.ThirdPersonExampleMap to /Game/ThirdPersonBP/Maps/UEDPIE_2_ThirdPersonExampleMap.ThirdPersonExampleMap. OwningWorld: None
[2016.03.21-02.35.17:811][280]LogAIModule: Creating AISystem for world ThirdPersonExampleMap
[2016.03.21-02.35.17:828][280]LogWorld: Bringing World /Game/ThirdPersonBP/Maps/UEDPIE_2_ThirdPersonExampleMap.ThirdPersonExampleMap up for play (max tick rate 0) at 2016.03.20-21.35.17
[2016.03.21-02.35.17:828][280]LogWorld: Bringing up level for play took: 0.015839
[2016.03.21-02.35.17:837][281]LogNet: Client netspeed is 10000
[2016.03.21-02.35.17:837][281]LogNet: Join request: /Game/ThirdPersonBP/Maps/ThirdPersonExampleMap?Name=Jake-Labeots-PC-65B0A22741CFB8F66CAFA88CF6DCBD9F?SplitscreenCount=1
[2016.03.21-02.35.17:877][281]LogNet: Join succeeded: Jake-Labeots-PC-65B0
[2016.03.21-02.35.36:152][295]LogBlueprintUserMessages: Early EndPlayMap Detection: Level '/Game/ThirdPersonBP/Maps/ThirdPersonExampleMap.ThirdPersonExampleMap:PersistentLevel' has LevelScriptBlueprint '/Game/ThirdPersonBP/Maps/ThirdPersonExampleMap.ThirdPersonExampleMap:PersistentLevel.ThirdPersonExampleMap' with GeneratedClass '/Game/ThirdPersonBP/Maps/ThirdPersonExampleMap.ThirdPersonExampleMap_C' with ClassGeneratedBy '/Game/ThirdPersonBP/Maps/ThirdPersonExampleMap.ThirdPersonExampleMap:PersistentLevel.ThirdPersonExampleMap'
[2016.03.21-02.35.36:395][295]LogOnline:Display: NULL: FOnlineSubsystemNull::Shutdown()
[2016.03.21-02.35.36:432][295]LogSpawn:Warning: SpawnActor failed because we are in the process of tearing down the world
[2016.03.21-02.35.36:547][295]LogOnline:Display: NULL: FOnlineSubsystemNull::Shutdown()
[2016.03.21-02.35.36:547][295]LogPlayLevel:Display: Shutting down PIE online subs