[2016.03.21-00.49.18:460][  0]Log file open, 03/20/16 19:49:18
[2016.03.21-00.49.18:460][  0]LogInit:Display: Running engine for game: Multiplayer
[2016.03.21-00.49.18:460][  0]LogPlatformFile: Not using cached read wrapper
[2016.03.21-00.49.18:460][  0]LogInit:Display: RandInit(-1421381474) SRandInit(-1421381471).
[2016.03.21-00.49.18:460][  0]LogTaskGraph: Started task graph with 4 named threads and 7 total threads.
[2016.03.21-00.49.18:460][  0]LogStats: Stats thread started at 0.127591
[2016.03.21-00.49.18:460][  0]LogInit: Version: 4.10.4-2872498+++depot+UE4-Releases+4.10
[2016.03.21-00.49.18:460][  0]LogInit: API Version: 2758231
[2016.03.21-00.49.18:460][  0]LogInit: Compiled (64-bit): Feb 18 2016 15:47:04
[2016.03.21-00.49.18:460][  0]LogInit: Compiled with Visual C++: 19.00.23026.00
[2016.03.21-00.49.18:460][  0]LogInit: Build Configuration: Development
[2016.03.21-00.49.18:460][  0]LogInit: Branch Name: ++depot+UE4-Releases+4.10
[2016.03.21-00.49.18:460][  0]LogInit: Command line: -EpicPortal 
[2016.03.21-00.49.18:460][  0]LogInit: Base directory: C:/Program Files/Epic Games/4.10/Engine/Binaries/Win64/
[2016.03.21-00.49.18:460][  0]LogInit: Rocket: 1
[2016.03.21-00.49.18:470][  0]LogInit: Using libcurl 7.41.0
[2016.03.21-00.49.18:470][  0]LogInit:  - built for x86_64-pc-win32
[2016.03.21-00.49.18:470][  0]LogInit:  - supports SSL with WinSSL
[2016.03.21-00.49.18:470][  0]LogInit:  - other features:
[2016.03.21-00.49.18:470][  0]LogInit:      CURL_VERSION_SSL
[2016.03.21-00.49.18:470][  0]LogInit:      CURL_VERSION_IPV6
[2016.03.21-00.49.18:470][  0]LogInit:      CURL_VERSION_ASYNCHDNS
[2016.03.21-00.49.18:470][  0]LogInit:      CURL_VERSION_LARGEFILE
[2016.03.21-00.49.18:470][  0]LogInit:      CURL_VERSION_IDN
[2016.03.21-00.49.18:470][  0]LogInit:  CurlRequestOptions (configurable via config and command line):
[2016.03.21-00.49.18:470][  0]LogInit:  - bVerifyPeer = true  - Libcurl will verify peer certificate
[2016.03.21-00.49.18:470][  0]LogInit:  - bUseHttpProxy = false  - Libcurl will NOT use HTTP proxy
[2016.03.21-00.49.18:470][  0]LogInit:  - bDontReuseConnections = false  - Libcurl will reuse connections
[2016.03.21-00.49.18:470][  0]LogInit:  - CertBundlePath = nullptr  - Libcurl will use whatever was configured at build time.
[2016.03.21-00.49.18:479][  0]LogInit: Presizing for 0 objects not considered by GC, pre-allocating 0 bytes.
[2016.03.21-00.49.18:486][  0]LogInit: Object subsystem initialized
[2016.03.21-00.49.18:487][  0]LogInit: Selected Device Profile: [Windows]
[2016.03.21-00.49.18:487][  0]LogInit: Applying CVar settings loaded from the selected device profile: [Windows]
[2016.03.21-00.49.18:494][  0]LogInit: Computer: JAKE-LABEOTS-PC
[2016.03.21-00.49.18:494][  0]LogInit: User: JakeLabeots
[2016.03.21-00.49.18:494][  0]LogInit: CPU Page size=4096, Cores=4
[2016.03.21-00.49.18:494][  0]LogInit: High frequency timer resolution =3.323577 MHz
[2016.03.21-00.49.18:494][  0]LogMemory: Memory total: Physical=8.0GB (8GB approx)
[2016.03.21-00.49.18:494][  0]LogMemory: Platform Memory Stats for Windows
[2016.03.21-00.49.18:494][  0]LogMemory: Process Physical Memory: 57.61 MB used, 57.61 MB peak
[2016.03.21-00.49.18:494][  0]LogMemory: Process Virtual Memory: 57.79 MB used, 57.79 MB peak
[2016.03.21-00.49.18:494][  0]LogMemory: Physical Memory: 4327.74 MB used, 8149.52 MB total
[2016.03.21-00.49.18:494][  0]LogMemory: Virtual Memory: 384.48 MB used, 134217728.00 MB total
[2016.03.21-00.49.18:554][  0]LogTextLocalizationManager: No specific translations for ('en-US') exist, so ('en') translations will be used.
[2016.03.21-00.49.19:022][  0]LogD3D11RHI: Found D3D11 adapter 0: NVIDIA GeForce GTX 970 (Feature Level 11_0)
[2016.03.21-00.49.19:022][  0]LogD3D11RHI: Adapter has 4007MB of dedicated video memory, 0MB of dedicated system memory, and 4074MB of shared system memory, 2 output[s]
[2016.03.21-00.49.19:023][  0]LogD3D11RHI: Found D3D11 adapter 1: Microsoft Basic Render Driver (Feature Level 11_0)
[2016.03.21-00.49.19:023][  0]LogD3D11RHI: Adapter has 0MB of dedicated video memory, 0MB of dedicated system memory, and 4074MB of shared system memory, 0 output[s]
[2016.03.21-00.49.19:023][  0]LogD3D11RHI: Chosen D3D11 Adapter Id = 0
[2016.03.21-00.49.19:026][  0]LogD3D11RHI: !Direct3DDevice
[2016.03.21-00.49.19:026][  0]LogRHI: Texture pool is 1361 MB (70% of 1945 MB)
[2016.03.21-00.49.19:038][  0]LogD3D11RHI: Async texture creation enabled
[2016.03.21-00.49.19:048][  0]LogShaderCompilers: Guid format shader working directory is -24 characters bigger than the processId version (../../../../../../Users/Jake-Labeots/Documents/Unreal Projects/Multiplayer/Intermediate/Shaders/WorkingDirectory/864/).
[2016.03.21-00.49.19:049][  0]LogShaderCompilers: Cleaned the shader compiler working directory 'C:/Users/JAKE-L~1/AppData/Local/Temp/UnrealShaderWorkingDir/D91248F7434E768F7F9BC0980A816B60/'.
[2016.03.21-00.49.19:049][  0]LogShaderCompilers:Display: Using Local Shader Compiler.
[2016.03.21-00.49.19:895][  0]LogTemp:Display: Loaded TP AllDesktopTargetPlatform
[2016.03.21-00.49.19:900][  0]LogTemp:Display: Loaded TP WindowsClientTargetPlatform
[2016.03.21-00.49.19:905][  0]LogTemp:Display: Loaded TP WindowsNoEditorTargetPlatform
[2016.03.21-00.49.19:910][  0]LogTemp:Display: Loaded TP WindowsServerTargetPlatform
[2016.03.21-00.49.19:915][  0]LogTemp:Display: Loaded TP WindowsTargetPlatform
[2016.03.21-00.49.19:919][  0]LogTemp:Display: Loaded TP AndroidTargetPlatform
[2016.03.21-00.49.19:923][  0]LogTemp:Display: Loaded TP Android_ASTCTargetPlatform
[2016.03.21-00.49.19:926][  0]LogTemp:Display: Loaded TP Android_ATCTargetPlatform
[2016.03.21-00.49.19:929][  0]LogTemp:Display: Loaded TP Android_DXTTargetPlatform
[2016.03.21-00.49.19:935][  0]LogTemp:Display: Loaded TP Android_ETC1TargetPlatform
[2016.03.21-00.49.19:939][  0]LogTemp:Display: Loaded TP Android_ETC2TargetPlatform
[2016.03.21-00.49.19:945][  0]LogTemp:Display: Loaded TP Android_MultiTargetPlatform
[2016.03.21-00.49.19:945][  0]LogTemp:Display: Loaded TP Android_PVRTCTargetPlatform
[2016.03.21-00.49.19:945][  0]LogTemp:Display: Loaded TP HTML5TargetPlatform
[2016.03.21-00.49.19:963][  0]LogTemp:Display: Loaded TP IOSTargetPlatform
[2016.03.21-00.49.19:967][  0]LogTemp:Display: Loaded TP LinuxNoEditorTargetPlatform
[2016.03.21-00.49.19:971][  0]LogTemp:Display: Loaded TP LinuxServerTargetPlatform
[2016.03.21-00.49.19:974][  0]LogTemp:Display: Loaded TP LinuxTargetPlatform
[2016.03.21-00.49.19:974][  0]LogTargetPlatformManager:Display: Building Assets For Windows
[2016.03.21-00.49.20:111][  0]LogDerivedDataCache:Display: Max Cache Size: 512 MB
[2016.03.21-00.49.20:162][  0]LogDerivedDataCache: Loaded boot cache 0.05s 41MB C:/Users/Jake-Labeots/AppData/Local/UnrealEngine/4.10/DerivedDataCache/Boot.ddc.
[2016.03.21-00.49.20:162][  0]LogDerivedDataCache:Display: Loaded Boot cache: C:/Users/Jake-Labeots/AppData/Local/UnrealEngine/4.10/DerivedDataCache/Boot.ddc
[2016.03.21-00.49.20:162][  0]LogDerivedDataCache: FDerivedDataBackendGraph:  Pak pak cache file ../../../../../../Users/Jake-Labeots/Documents/Unreal Projects/Multiplayer/DerivedDataCache/DDC.ddp not found, will not use a pak cache.
[2016.03.21-00.49.20:162][  0]LogDerivedDataCache: Unable to find inner node Pak for hierarchical cache Hierarchy.
[2016.03.21-00.49.20:162][  0]LogDerivedDataCache: FDerivedDataBackendGraph:  CompressedPak pak cache file ../../../../../../Users/Jake-Labeots/Documents/Unreal Projects/Multiplayer/DerivedDataCache/Compressed.ddp not found, will not use a pak cache.
[2016.03.21-00.49.20:162][  0]LogDerivedDataCache: Unable to find inner node CompressedPak for hierarchical cache Hierarchy.
[2016.03.21-00.49.20:237][  0]LogDerivedDataCache:Display: Pak cache opened for reading ../../../Engine/DerivedDataCache/Compressed.ddp.
[2016.03.21-00.49.20:250][  0]LogDerivedDataCache: Using Local data cache path C:/Users/Jake-Labeots/AppData/Local/UnrealEngine/Common/DerivedDataCache: Writable
[2016.03.21-00.49.20:496][  0]LogInit: Selected Device Profile: [Windows]
[2016.03.21-00.49.20:503][  0]LogContentStreaming: Texture pool size is 0.000000MB
[2016.03.21-00.49.20:615][  0]LogMeshUtilities: No automatic mesh reduction module available
[2016.03.21-00.49.20:615][  0]LogMeshUtilities: No automatic mesh merging module available
[2016.03.21-00.49.20:844][  0]LogInit: WinSock: version 1.1 (2.2), MaxSocks=32767, MaxUdp=65467
[2016.03.21-00.49.21:577][  0]UdpMessaging: Initializing bridge on interface 0.0.0.0:0 to multicast group 230.0.0.1:6666.
[2016.03.21-00.49.21:679][  0]LogAssetRegistry: FAssetRegistry took 0.0109 seconds to start up
[2016.03.21-00.49.21:864][  0]SourceControl: Info Source control is disabled
[2016.03.21-00.49.21:865][  0]SourceControl: Info Source control is disabled
[2016.03.21-00.49.22:236][  0]LogObj: 28633 objects as part of root set at end of initial load.
[2016.03.21-00.49.22:236][  0]LogUObjectAllocator: 6099752 out of 0 bytes used by permanent object pool.
[2016.03.21-00.49.22:303][  0]LogEngine: Initializing Engine...
[2016.03.21-00.49.22:306][  0]LogHMD: Can't find Oculus library dev build: is proper Runtime installed? Version: 0.8.0.0
[2016.03.21-00.49.22:307][  0]LogHMD: SteamVR failed to initialize.  Err: 110
[2016.03.21-00.49.22:441][  0]LogAIModule: Creating AISystem for world NewWorld
[2016.03.21-00.49.22:452][  0]LogInit: XAudio2 using 'Speakers (M-Audio Mobile Pre MKII)' : 2 channels at 44.1 kHz using 32 bits per sample (channel mask 0x3)
[2016.03.21-00.49.22:461][  0]LogInit: FAudioDevice initialized.
[2016.03.21-00.49.22:482][  0]LogDerivedDataCache: Saved boot cache 0.02s 41MB C:/Users/Jake-Labeots/AppData/Local/UnrealEngine/4.10/DerivedDataCache/Boot.ddc.
[2016.03.21-00.49.22:485][  0]LogInit: Texture streaming: Enabled
[2016.03.21-00.49.22:492][  0]LogAnalytics: Creating configured Analytics provider AnalyticsET
[2016.03.21-00.49.22:492][  0]LogAnalytics: [UEEditor.Rocket.Release] APIServer = http://et2.epicgames.com/ET2/. AppVersion = 4.10.4-2872498+++depot+UE4-Releases+4.10
[2016.03.21-00.49.22:492][  0]LogAnalytics: [UEEditor.Rocket.Release] SetUserId 1c408550412074472577dbb807d1551c|97c76976fa3740d3b226398cc3775821|3c95985a-48c0-43f1-86b1-53582fe17255
[2016.03.21-00.49.22:492][  0]LogAnalytics: [UEEditor.Rocket.Release] AnalyticsET::StartSession
[2016.03.21-00.49.22:503][  0]LogInit: Transaction tracking system initialized
[2016.03.21-00.49.22:535][  0]BlueprintLog: New page: Editor Load
[2016.03.21-00.49.22:656][  0]LocalizationService: Info Localization service is disabled
[2016.03.21-00.49.22:747][  0]LogConsoleResponse:Display: 
[2016.03.21-00.49.22:851][  0]LogCook:Display: Done creating registry. It took  0.00s.
[2016.03.21-00.49.22:940][  0]LogFileCache: Scanning file cache for directory 'C:/Users/Jake-Labeots/Documents/Unreal Projects/Multiplayer/Content/' took 0.01s
[2016.03.21-00.49.22:940][  0]Cmd: MAP LOAD FILE="../../../../../../Users/Jake-Labeots/Documents/Unreal Projects/Multiplayer/Content/ThirdPersonBP/Maps/ThirdPersonExampleMap.umap" TEMPLATE=0 SHOWPROGRESS=1 FEATURELEVEL=3
[2016.03.21-00.49.22:940][  0]LightingResults: New page: Lighting Build
[2016.03.21-00.49.22:944][  0]MapCheck: New page: Map Check
[2016.03.21-00.49.22:944][  0]LightingResults: New page: Lighting Build
[2016.03.21-00.49.22:954][  0]LogParticles: Destroying 0 GPU particle simulations for FXSystem 0x0000028138B07420
[2016.03.21-00.49.23:614][  0]LogAIModule: Creating AISystem for world ThirdPersonExampleMap
[2016.03.21-00.49.23:662][  0]LogEditorServer: Finished looking for orphan Actors (0.000 secs)
[2016.03.21-00.49.23:662][  0]Cmd: MAP CHECKDEP NOCLEARLOG
[2016.03.21-00.49.23:713][  0]MapCheck: Info Map check complete: 0 Error(s), 0 Warning(s), took 50.037ms to complete.
[2016.03.21-00.49.23:713][  0]LogFileHelpers: Loading map 'ThirdPersonExampleMap' took 0.772
[2016.03.21-00.49.23:866][  0]LogSourceControl: Attempting 'p4 client -o Multiplayer_Jake'
[2016.03.21-00.49.23:866][  0]LogCollectionManager: Loaded 0 collections in 0.002544 seconds
[2016.03.21-00.49.23:911][  0]LogFileCache: Scanning file cache for directory 'C:/Users/Jake-Labeots/Documents/Unreal Projects/Multiplayer/Saved/Collections/' took 0.01s
[2016.03.21-00.49.23:911][  0]LogFileCache: Scanning file cache for directory 'C:/Users/Jake-Labeots/Documents/Unreal Projects/Multiplayer/Content/Developers/JakeLabeots/Collections/' took 0.01s
[2016.03.21-00.49.23:911][  0]LogFileCache: Scanning file cache for directory 'C:/Users/Jake-Labeots/Documents/Unreal Projects/Multiplayer/Content/Collections/' took 0.01s
[2016.03.21-00.49.23:911][  0]LogCollectionManager: Rebuilt the GUID cache for 0 collections in 0.000002 seconds
[2016.03.21-00.49.23:919][  0]LogContentBrowser: Native class hierarchy populated in 0.0073 seconds. Added 1893 classes and 338 folders.
[2016.03.21-00.49.23:925][  0]LogContentBrowser: Native class hierarchy updated for 'WidgetCarousel' in 0.0003 seconds. Added 0 classes and 0 folders.
[2016.03.21-00.49.23:969][  0]LogContentBrowser: Native class hierarchy updated for 'AddContentDialog' in 0.0004 seconds. Added 0 classes and 0 folders.
[2016.03.21-00.49.23:973][  0]LogContentBrowser: Native class hierarchy updated for 'SceneOutliner' in 0.0003 seconds. Added 1 classes and 2 folders.
[2016.03.21-00.49.23:996][  0]LogCrashTracker: Crashtracker disabled due to settings.
[2016.03.21-00.49.24:002][  0]LogUObjectGlobals:Warning: Failed to find object 'Class None.'
[2016.03.21-00.49.24:024][  0]LogLoad: Full Startup: 6.06 seconds (BP compile: 0.16 seconds)
[2016.03.21-00.49.24:037][  0]LogOcInput: Can't find Oculus library dev build: is proper Runtime installed? Version: 0.8.0.0
[2016.03.21-00.49.24:113][  0]SourceControl: Info Client Multiplayer_Jake
[2016.03.21-00.49.24:113][  0]SourceControl: Info Update 2016/03/18 10:27:09
[2016.03.21-00.49.24:113][  0]SourceControl: Info Access 2016/03/18 12:17:11
[2016.03.21-00.49.24:113][  0]SourceControl: Info Owner pi
[2016.03.21-00.49.24:113][  0]SourceControl: Info Host Jake-Labeots-PC
[2016.03.21-00.49.24:113][  0]SourceControl: Info Description Created by pi.

[2016.03.21-00.49.24:113][  0]SourceControl: Info Root C:\Users\Jake-Labeots\Documents\Unreal Projects\Multiplayer
[2016.03.21-00.49.24:113][  0]SourceControl: Info Options noallwrite noclobber nocompress unlocked nomodtime normdir
[2016.03.21-00.49.24:113][  0]SourceControl: Info SubmitOptions submitunchanged
[2016.03.21-00.49.24:113][  0]SourceControl: Info LineEnd local
[2016.03.21-00.49.24:113][  0]SourceControl: Info View0 //depot/... //Multiplayer_Jake/depot/...
[2016.03.21-00.49.24:113][  0]SourceControl: Info View1 //Multiplayer/... //Multiplayer_Jake/Multiplayer/...
[2016.03.21-00.49.24:113][  0]SourceControl: Info View2 //Minigolf/... //Multiplayer_Jake/Minigolf/...
[2016.03.21-00.49.24:113][  0]SourceControl: Info View3 //Multiplayer/... //Multiplayer_Jake/Multiplayer/...
[2016.03.21-00.49.24:113][  0]SourceControl: Info specFormatted 
[2016.03.21-00.49.24:113][  0]SourceControl: Info func client-FstatInfo
[2016.03.21-00.49.24:113][  0]LogContentStreaming: Texture pool size now 1000 MB
[2016.03.21-00.49.24:259][  0]LogRenderer: Reallocating scene render targets to support 1208x580 (Frame:2).
[2016.03.21-00.49.24:437][  4]LogAssetRegistry: Asset discovery search completed in 2.7693 seconds
[2016.03.21-00.49.24:438][  4]LogCollectionManager: Rebuilt the object cache for 0 collections in 0.000001 seconds (found 0 objects)
[2016.03.21-00.49.24:438][  4]LogCollectionManager: Fixed up redirectors for 0 collections in 0.000019 seconds (updated 0 objects)
[2016.03.21-00.49.29:752][596]LogLinker:Warning: Asset '../../../Engine/Content/ArtTools/RenderToTexture/Macros/RenderToTextureMacros.uasset' has been saved with empty engine version. The asset will be loaded but may be incompatible.
[2016.03.21-00.49.30:207][596]LogContentBrowser: Native class hierarchy updated for 'BlueprintGraph' in 0.0007 seconds. Added 107 classes and 0 folders.
[2016.03.21-00.50.16:298][696]LogSourceControl: Attempting 'p4 fstat -Or C:/Users/Jake-Labeots/Documents/Unreal Projects/Multiplayer/Content/MPMenu.uasset'
[2016.03.21-00.50.16:312][696]SourceControl:Error: Error C:/Users/Jake-Labeots/Documents/Unreal Projects/Multiplayer/Content/MPMenu.uasset - file(s) not in client view.

[2016.03.21-00.50.16:392][697]LogSourceControl: Attempting 'p4 fstat -Or C:/Users/Jake-Labeots/Documents/Unreal Projects/Multiplayer/Content/MPMenu.uasset'
[2016.03.21-00.50.16:404][698]SourceControl:Error: Error C:/Users/Jake-Labeots/Documents/Unreal Projects/Multiplayer/Content/MPMenu.uasset - file(s) not in client view.

[2016.03.21-00.50.17:339][796]LogSourceControl: Attempting 'p4 fstat -Or C:/Users/Jake-Labeots/Documents/Unreal Projects/Multiplayer/Content/MPMenu.uasset'
[2016.03.21-00.50.17:350][797]SourceControl:Error: Error C:/Users/Jake-Labeots/Documents/Unreal Projects/Multiplayer/Content/MPMenu.uasset - file(s) not in client view.

[2016.03.21-00.50.21:144][188]LogSourceControl: Attempting 'p4 fstat -Or C:/Users/Jake-Labeots/Documents/Unreal Projects/Multiplayer/Config/DefaultGame.ini'
[2016.03.21-00.50.21:146][188]SourceControl:Error: Error C:/Users/Jake-Labeots/Documents/Unreal Projects/Multiplayer/Config/DefaultGame.ini - file(s) not in client view.

[2016.03.21-00.50.22:106][290]LogSourceControl: Attempting 'p4 fstat -Or C:/Users/Jake-Labeots/Documents/Unreal Projects/Multiplayer/Config/DefaultGame.ini'
[2016.03.21-00.50.22:119][291]SourceControl:Error: Error C:/Users/Jake-Labeots/Documents/Unreal Projects/Multiplayer/Config/DefaultGame.ini - file(s) not in client view.

[2016.03.21-00.50.23:107][399]LogSourceControl: Attempting 'p4 fstat -Or C:/Users/Jake-Labeots/Documents/Unreal Projects/Multiplayer/Config/DefaultGame.ini'
[2016.03.21-00.50.23:117][400]SourceControl:Error: Error C:/Users/Jake-Labeots/Documents/Unreal Projects/Multiplayer/Config/DefaultGame.ini - file(s) not in client view.

[2016.03.21-00.50.24:109][508]LogSourceControl: Attempting 'p4 fstat -Or C:/Users/Jake-Labeots/Documents/Unreal Projects/Multiplayer/Config/DefaultGame.ini'
[2016.03.21-00.50.24:116][508]SourceControl:Error: Error C:/Users/Jake-Labeots/Documents/Unreal Projects/Multiplayer/Config/DefaultGame.ini - file(s) not in client view.

[2016.03.21-00.50.25:111][617]LogSourceControl: Attempting 'p4 fstat -Or C:/Users/Jake-Labeots/Documents/Unreal Projects/Multiplayer/Config/DefaultGame.ini'
[2016.03.21-00.50.25:121][618]SourceControl:Error: Error C:/Users/Jake-Labeots/Documents/Unreal Projects/Multiplayer/Config/DefaultGame.ini - file(s) not in client view.

[2016.03.21-00.50.26:126][727]LogSourceControl: Attempting 'p4 fstat -Or C:/Users/Jake-Labeots/Documents/Unreal Projects/Multiplayer/Config/DefaultGame.ini'
[2016.03.21-00.50.26:127][727]SourceControl:Error: Error C:/Users/Jake-Labeots/Documents/Unreal Projects/Multiplayer/Config/DefaultGame.ini - file(s) not in client view.

[2016.03.21-00.50.27:120][834]LogSourceControl: Attempting 'p4 fstat -Or C:/Users/Jake-Labeots/Documents/Unreal Projects/Multiplayer/Config/DefaultGame.ini'
[2016.03.21-00.50.27:131][835]SourceControl:Error: Error C:/Users/Jake-Labeots/Documents/Unreal Projects/Multiplayer/Config/DefaultGame.ini - file(s) not in client view.

[2016.03.21-00.50.28:135][944]LogSourceControl: Attempting 'p4 fstat -Or C:/Users/Jake-Labeots/Documents/Unreal Projects/Multiplayer/Config/DefaultGame.ini'
[2016.03.21-00.50.28:136][944]SourceControl:Error: Error C:/Users/Jake-Labeots/Documents/Unreal Projects/Multiplayer/Config/DefaultGame.ini - file(s) not in client view.

[2016.03.21-00.50.29:133][ 52]LogSourceControl: Attempting 'p4 fstat -Or C:/Users/Jake-Labeots/Documents/Unreal Projects/Multiplayer/Config/DefaultGame.ini'
[2016.03.21-00.50.29:142][ 53]SourceControl:Error: Error C:/Users/Jake-Labeots/Documents/Unreal Projects/Multiplayer/Config/DefaultGame.ini - file(s) not in client view.

[2016.03.21-00.50.30:142][162]LogSourceControl: Attempting 'p4 fstat -Or C:/Users/Jake-Labeots/Documents/Unreal Projects/Multiplayer/Config/DefaultGame.ini'
[2016.03.21-00.50.30:152][163]SourceControl:Error: Error C:/Users/Jake-Labeots/Documents/Unreal Projects/Multiplayer/Config/DefaultGame.ini - file(s) not in client view.

[2016.03.21-00.50.31:148][268]LogSourceControl: Attempting 'p4 fstat -Or C:/Users/Jake-Labeots/Documents/Unreal Projects/Multiplayer/Config/DefaultGame.ini'
[2016.03.21-00.50.31:160][269]SourceControl:Error: Error C:/Users/Jake-Labeots/Documents/Unreal Projects/Multiplayer/Config/DefaultGame.ini - file(s) not in client view.

[2016.03.21-00.50.32:155][374]LogSourceControl: Attempting 'p4 fstat -Or C:/Users/Jake-Labeots/Documents/Unreal Projects/Multiplayer/Config/DefaultGame.ini'
[2016.03.21-00.50.32:165][375]SourceControl:Error: Error C:/Users/Jake-Labeots/Documents/Unreal Projects/Multiplayer/Config/DefaultGame.ini - file(s) not in client view.

[2016.03.21-00.50.33:165][480]LogSourceControl: Attempting 'p4 fstat -Or C:/Users/Jake-Labeots/Documents/Unreal Projects/Multiplayer/Config/DefaultGame.ini'
[2016.03.21-00.50.33:174][481]SourceControl:Error: Error C:/Users/Jake-Labeots/Documents/Unreal Projects/Multiplayer/Config/DefaultGame.ini - file(s) not in client view.

[2016.03.21-00.50.33:870][492]LogSourceControl: Attempting 'p4 fstat -Or C:/Users/Jake-Labeots/Documents/Unreal Projects/Multiplayer/Config/DefaultEngine.ini'
[2016.03.21-00.50.33:881][493]SourceControl:Error: Error C:/Users/Jake-Labeots/Documents/Unreal Projects/Multiplayer/Config/DefaultEngine.ini - file(s) not in client view.

[2016.03.21-00.50.34:810][590]LogSourceControl: Attempting 'p4 fstat -Or C:/Users/Jake-Labeots/Documents/Unreal Projects/Multiplayer/Config/DefaultEngine.ini'
[2016.03.21-00.50.34:822][591]SourceControl:Error: Error C:/Users/Jake-Labeots/Documents/Unreal Projects/Multiplayer/Config/DefaultEngine.ini - file(s) not in client view.

[2016.03.21-00.50.35:818][696]LogSourceControl: Attempting 'p4 fstat -Or C:/Users/Jake-Labeots/Documents/Unreal Projects/Multiplayer/Config/DefaultEngine.ini'
[2016.03.21-00.50.35:828][697]SourceControl:Error: Error C:/Users/Jake-Labeots/Documents/Unreal Projects/Multiplayer/Config/DefaultEngine.ini - file(s) not in client view.

[2016.03.21-00.50.36:819][801]LogSourceControl: Attempting 'p4 fstat -Or C:/Users/Jake-Labeots/Documents/Unreal Projects/Multiplayer/Config/DefaultEngine.ini'
[2016.03.21-00.50.36:828][802]SourceControl:Error: Error C:/Users/Jake-Labeots/Documents/Unreal Projects/Multiplayer/Config/DefaultEngine.ini - file(s) not in client view.

[2016.03.21-00.50.37:824][909]LogSourceControl: Attempting 'p4 fstat -Or C:/Users/Jake-Labeots/Documents/Unreal Projects/Multiplayer/Config/DefaultEngine.ini'
[2016.03.21-00.50.37:835][910]SourceControl:Error: Error C:/Users/Jake-Labeots/Documents/Unreal Projects/Multiplayer/Config/DefaultEngine.ini - file(s) not in client view.

[2016.03.21-00.50.38:829][ 17]LogSourceControl: Attempting 'p4 fstat -Or C:/Users/Jake-Labeots/Documents/Unreal Projects/Multiplayer/Config/DefaultEngine.ini'
[2016.03.21-00.50.38:840][ 18]SourceControl:Error: Error C:/Users/Jake-Labeots/Documents/Unreal Projects/Multiplayer/Config/DefaultEngine.ini - file(s) not in client view.

[2016.03.21-00.50.39:829][105]LogSourceControl: Attempting 'p4 fstat -Or C:/Users/Jake-Labeots/Documents/Unreal Projects/Multiplayer/Config/DefaultEngine.ini'
[2016.03.21-00.50.39:839][106]SourceControl:Error: Error C:/Users/Jake-Labeots/Documents/Unreal Projects/Multiplayer/Config/DefaultEngine.ini - file(s) not in client view.

[2016.03.21-00.50.40:836][220]LogSourceControl: Attempting 'p4 fstat -Or C:/Users/Jake-Labeots/Documents/Unreal Projects/Multiplayer/Config/DefaultEngine.ini'
[2016.03.21-00.50.40:846][221]SourceControl:Error: Error C:/Users/Jake-Labeots/Documents/Unreal Projects/Multiplayer/Config/DefaultEngine.ini - file(s) not in client view.

[2016.03.21-00.50.41:852][336]LogSourceControl: Attempting 'p4 fstat -Or C:/Users/Jake-Labeots/Documents/Unreal Projects/Multiplayer/Config/DefaultEngine.ini'
[2016.03.21-00.50.41:853][336]SourceControl:Error: Error C:/Users/Jake-Labeots/Documents/Unreal Projects/Multiplayer/Config/DefaultEngine.ini - file(s) not in client view.

[2016.03.21-00.50.42:850][451]LogSourceControl: Attempting 'p4 fstat -Or C:/Users/Jake-Labeots/Documents/Unreal Projects/Multiplayer/Config/DefaultEngine.ini'
[2016.03.21-00.50.42:860][452]SourceControl:Error: Error C:/Users/Jake-Labeots/Documents/Unreal Projects/Multiplayer/Config/DefaultEngine.ini - file(s) not in client view.

[2016.03.21-00.50.43:873][565]LogSourceControl: Attempting 'p4 fstat -Or C:/Users/Jake-Labeots/Documents/Unreal Projects/Multiplayer/Config/DefaultEngine.ini'
[2016.03.21-00.50.43:874][565]SourceControl:Error: Error C:/Users/Jake-Labeots/Documents/Unreal Projects/Multiplayer/Config/DefaultEngine.ini - file(s) not in client view.

[2016.03.21-00.50.45:505][602]LogSourceControl: Attempting 'p4 fstat -Or C:/Users/Jake-Labeots/Documents/Unreal Projects/Multiplayer/Config/DefaultEngine.ini'
[2016.03.21-00.50.45:505][602]SourceControl:Error: Error C:/Users/Jake-Labeots/Documents/Unreal Projects/Multiplayer/Config/DefaultEngine.ini - file(s) not in client view.

[2016.03.21-00.50.46:507][605]LogSourceControl: Attempting 'p4 fstat -Or C:/Users/Jake-Labeots/Documents/Unreal Projects/Multiplayer/Config/DefaultEngine.ini'
[2016.03.21-00.50.46:507][605]SourceControl:Error: Error C:/Users/Jake-Labeots/Documents/Unreal Projects/Multiplayer/Config/DefaultEngine.ini - file(s) not in client view.

[2016.03.21-00.50.47:535][609]LogSourceControl: Attempting 'p4 fstat -Or C:/Users/Jake-Labeots/Documents/Unreal Projects/Multiplayer/Config/DefaultEngine.ini'
[2016.03.21-00.50.47:840][609]SourceControl:Error: Error C:/Users/Jake-Labeots/Documents/Unreal Projects/Multiplayer/Config/DefaultEngine.ini - file(s) not in client view.

[2016.03.21-00.50.48:840][612]LogSourceControl: Attempting 'p4 fstat -Or C:/Users/Jake-Labeots/Documents/Unreal Projects/Multiplayer/Config/DefaultEngine.ini'
[2016.03.21-00.50.48:840][612]SourceControl:Error: Error C:/Users/Jake-Labeots/Documents/Unreal Projects/Multiplayer/Config/DefaultEngine.ini - file(s) not in client view.

[2016.03.21-00.50.50:173][616]LogSourceControl: Attempting 'p4 fstat -Or C:/Users/Jake-Labeots/Documents/Unreal Projects/Multiplayer/Config/DefaultEngine.ini'
[2016.03.21-00.50.50:174][616]SourceControl:Error: Error C:/Users/Jake-Labeots/Documents/Unreal Projects/Multiplayer/Config/DefaultEngine.ini - file(s) not in client view.

[2016.03.21-00.50.51:174][619]LogSourceControl: Attempting 'p4 fstat -Or C:/Users/Jake-Labeots/Documents/Unreal Projects/Multiplayer/Config/DefaultEngine.ini'
[2016.03.21-00.50.51:174][619]SourceControl:Error: Error C:/Users/Jake-Labeots/Documents/Unreal Projects/Multiplayer/Config/DefaultEngine.ini - file(s) not in client view.

[2016.03.21-00.50.52:174][622]LogSourceControl: Attempting 'p4 fstat -Or C:/Users/Jake-Labeots/Documents/Unreal Projects/Multiplayer/Config/DefaultEngine.ini'
[2016.03.21-00.50.52:174][622]SourceControl:Error: Error C:/Users/Jake-Labeots/Documents/Unreal Projects/Multiplayer/Config/DefaultEngine.ini - file(s) not in client view.

[2016.03.21-00.50.53:174][625]LogSourceControl: Attempting 'p4 fstat -Or C:/Users/Jake-Labeots/Documents/Unreal Projects/Multiplayer/Config/DefaultEngine.ini'
[2016.03.21-00.50.53:174][625]SourceControl:Error: Error C:/Users/Jake-Labeots/Documents/Unreal Projects/Multiplayer/Config/DefaultEngine.ini - file(s) not in client view.

[2016.03.21-00.50.54:507][629]LogSourceControl: Attempting 'p4 fstat -Or C:/Users/Jake-Labeots/Documents/Unreal Projects/Multiplayer/Config/DefaultEngine.ini'
[2016.03.21-00.50.54:507][629]SourceControl:Error: Error C:/Users/Jake-Labeots/Documents/Unreal Projects/Multiplayer/Config/DefaultEngine.ini - file(s) not in client view.

[2016.03.21-00.50.55:213][633]LogSourceControl: Attempting 'p4 fstat -Or C:/Users/Jake-Labeots/Documents/Unreal Projects/Multiplayer/Config/DefaultEngine.ini'
[2016.03.21-00.50.55:226][634]SourceControl:Error: Error C:/Users/Jake-Labeots/Documents/Unreal Projects/Multiplayer/Config/DefaultEngine.ini - file(s) not in client view.

[2016.03.21-00.50.55:893][708]LogSourceControl: Attempting 'p4 fstat -Or C:/Users/Jake-Labeots/Documents/Unreal Projects/Multiplayer/Config/DefaultEngine.ini'
[2016.03.21-00.50.55:904][709]SourceControl:Error: Error C:/Users/Jake-Labeots/Documents/Unreal Projects/Multiplayer/Config/DefaultEngine.ini - file(s) not in client view.

[2016.03.21-00.50.56:879][812]LogSourceControl: Attempting 'p4 fstat -Or C:/Users/Jake-Labeots/Documents/Unreal Projects/Multiplayer/Config/DefaultEngine.ini'
[2016.03.21-00.50.56:881][812]SourceControl:Error: Error C:/Users/Jake-Labeots/Documents/Unreal Projects/Multiplayer/Config/DefaultEngine.ini - file(s) not in client view.

[2016.03.21-00.50.57:878][911]LogSourceControl: Attempting 'p4 fstat -Or C:/Users/Jake-Labeots/Documents/Unreal Projects/Multiplayer/Config/DefaultEngine.ini'
[2016.03.21-00.50.57:890][912]SourceControl:Error: Error C:/Users/Jake-Labeots/Documents/Unreal Projects/Multiplayer/Config/DefaultEngine.ini - file(s) not in client view.

[2016.03.21-00.50.58:883][ 13]LogSourceControl: Attempting 'p4 fstat -Or C:/Users/Jake-Labeots/Documents/Unreal Projects/Multiplayer/Config/DefaultEngine.ini'
[2016.03.21-00.50.58:894][ 14]SourceControl:Error: Error C:/Users/Jake-Labeots/Documents/Unreal Projects/Multiplayer/Config/DefaultEngine.ini - file(s) not in client view.

[2016.03.21-00.50.59:893][115]LogSourceControl: Attempting 'p4 fstat -Or C:/Users/Jake-Labeots/Documents/Unreal Projects/Multiplayer/Config/DefaultEngine.ini'
[2016.03.21-00.50.59:906][116]SourceControl:Error: Error C:/Users/Jake-Labeots/Documents/Unreal Projects/Multiplayer/Config/DefaultEngine.ini - file(s) not in client view.

[2016.03.21-00.51.00:895][218]LogSourceControl: Attempting 'p4 fstat -Or C:/Users/Jake-Labeots/Documents/Unreal Projects/Multiplayer/Config/DefaultEngine.ini'
[2016.03.21-00.51.00:897][218]SourceControl:Error: Error C:/Users/Jake-Labeots/Documents/Unreal Projects/Multiplayer/Config/DefaultEngine.ini - file(s) not in client view.

[2016.03.21-00.51.01:904][320]LogSourceControl: Attempting 'p4 fstat -Or C:/Users/Jake-Labeots/Documents/Unreal Projects/Multiplayer/Config/DefaultEngine.ini'
[2016.03.21-00.51.01:915][321]SourceControl:Error: Error C:/Users/Jake-Labeots/Documents/Unreal Projects/Multiplayer/Config/DefaultEngine.ini - file(s) not in client view.

[2016.03.21-00.51.02:907][422]LogSourceControl: Attempting 'p4 fstat -Or C:/Users/Jake-Labeots/Documents/Unreal Projects/Multiplayer/Config/DefaultEngine.ini'
[2016.03.21-00.51.02:917][423]SourceControl:Error: Error C:/Users/Jake-Labeots/Documents/Unreal Projects/Multiplayer/Config/DefaultEngine.ini - file(s) not in client view.

[2016.03.21-00.51.03:911][527]LogSourceControl: Attempting 'p4 fstat -Or C:/Users/Jake-Labeots/Documents/Unreal Projects/Multiplayer/Config/DefaultEngine.ini'
[2016.03.21-00.51.03:921][528]SourceControl:Error: Error C:/Users/Jake-Labeots/Documents/Unreal Projects/Multiplayer/Config/DefaultEngine.ini - file(s) not in client view.

[2016.03.21-00.51.04:917][629]LogSourceControl: Attempting 'p4 fstat -Or C:/Users/Jake-Labeots/Documents/Unreal Projects/Multiplayer/Config/DefaultEngine.ini'
[2016.03.21-00.51.04:926][630]SourceControl:Error: Error C:/Users/Jake-Labeots/Documents/Unreal Projects/Multiplayer/Config/DefaultEngine.ini - file(s) not in client view.

[2016.03.21-00.51.05:935][733]LogSourceControl: Attempting 'p4 fstat -Or C:/Users/Jake-Labeots/Documents/Unreal Projects/Multiplayer/Config/DefaultEngine.ini'
[2016.03.21-00.51.05:936][733]SourceControl:Error: Error C:/Users/Jake-Labeots/Documents/Unreal Projects/Multiplayer/Config/DefaultEngine.ini - file(s) not in client view.

[2016.03.21-00.51.06:926][833]LogSourceControl: Attempting 'p4 fstat -Or C:/Users/Jake-Labeots/Documents/Unreal Projects/Multiplayer/Config/DefaultEngine.ini'
[2016.03.21-00.51.06:937][834]SourceControl:Error: Error C:/Users/Jake-Labeots/Documents/Unreal Projects/Multiplayer/Config/DefaultEngine.ini - file(s) not in client view.

[2016.03.21-00.51.07:929][939]LogSourceControl: Attempting 'p4 fstat -Or C:/Users/Jake-Labeots/Documents/Unreal Projects/Multiplayer/Config/DefaultEngine.ini'
[2016.03.21-00.51.07:941][940]SourceControl:Error: Error C:/Users/Jake-Labeots/Documents/Unreal Projects/Multiplayer/Config/DefaultEngine.ini - file(s) not in client view.

[2016.03.21-00.51.08:940][ 44]LogSourceControl: Attempting 'p4 fstat -Or C:/Users/Jake-Labeots/Documents/Unreal Projects/Multiplayer/Config/DefaultEngine.ini'
[2016.03.21-00.51.08:953][ 45]SourceControl:Error: Error C:/Users/Jake-Labeots/Documents/Unreal Projects/Multiplayer/Config/DefaultEngine.ini - file(s) not in client view.

[2016.03.21-00.51.09:946][144]LogSourceControl: Attempting 'p4 fstat -Or C:/Users/Jake-Labeots/Documents/Unreal Projects/Multiplayer/Config/DefaultEngine.ini'
[2016.03.21-00.51.09:957][145]SourceControl:Error: Error C:/Users/Jake-Labeots/Documents/Unreal Projects/Multiplayer/Config/DefaultEngine.ini - file(s) not in client view.

[2016.03.21-00.51.10:958][247]LogSourceControl: Attempting 'p4 fstat -Or C:/Users/Jake-Labeots/Documents/Unreal Projects/Multiplayer/Config/DefaultEngine.ini'
[2016.03.21-00.51.10:959][247]SourceControl:Error: Error C:/Users/Jake-Labeots/Documents/Unreal Projects/Multiplayer/Config/DefaultEngine.ini - file(s) not in client view.

[2016.03.21-00.51.12:588][313]LogSourceControl: Attempting 'p4 fstat -Or C:/Users/Jake-Labeots/Documents/Unreal Projects/Multiplayer/Config/DefaultEngine.ini'
[2016.03.21-00.51.12:588][313]SourceControl:Error: Error C:/Users/Jake-Labeots/Documents/Unreal Projects/Multiplayer/Config/DefaultEngine.ini - file(s) not in client view.

[2016.03.21-00.51.12:955][318]LogSourceControl: Attempting 'p4 fstat -Or C:/Users/Jake-Labeots/Documents/Unreal Projects/Multiplayer/Config/DefaultEngine.ini'
[2016.03.21-00.51.12:968][319]SourceControl:Error: Error C:/Users/Jake-Labeots/Documents/Unreal Projects/Multiplayer/Config/DefaultEngine.ini - file(s) not in client view.

[2016.03.21-00.51.36:856][974]LogSourceControl: Attempting 'p4 fstat -Or C:/Users/Jake-Labeots/Documents/Unreal Projects/Multiplayer/Config/DefaultEngine.ini'
[2016.03.21-00.51.36:858][974]SourceControl:Error: Error C:/Users/Jake-Labeots/Documents/Unreal Projects/Multiplayer/Config/DefaultEngine.ini - file(s) not in client view.

[2016.03.21-00.51.37:527][ 46]LogSourceControl: Attempting 'p4 fstat -Or C:/Users/Jake-Labeots/Documents/Unreal Projects/Multiplayer/Config/DefaultEngine.ini'
[2016.03.21-00.51.37:538][ 47]SourceControl:Error: Error C:/Users/Jake-Labeots/Documents/Unreal Projects/Multiplayer/Config/DefaultEngine.ini - file(s) not in client view.

[2016.03.21-00.51.38:539][156]LogSourceControl: Attempting 'p4 fstat -Or C:/Users/Jake-Labeots/Documents/Unreal Projects/Multiplayer/Config/DefaultEngine.ini'
[2016.03.21-00.51.38:550][157]SourceControl:Error: Error C:/Users/Jake-Labeots/Documents/Unreal Projects/Multiplayer/Config/DefaultEngine.ini - file(s) not in client view.

[2016.03.21-00.51.39:541][261]LogSourceControl: Attempting 'p4 fstat -Or C:/Users/Jake-Labeots/Documents/Unreal Projects/Multiplayer/Config/DefaultEngine.ini'
[2016.03.21-00.51.39:552][262]SourceControl:Error: Error C:/Users/Jake-Labeots/Documents/Unreal Projects/Multiplayer/Config/DefaultEngine.ini - file(s) not in client view.

[2016.03.21-00.51.40:063][308]LogSourceControl: Attempting 'p4 fstat -Or C:/Users/Jake-Labeots/Documents/Unreal Projects/Multiplayer/Config/DefaultGame.ini'
[2016.03.21-00.51.40:073][309]SourceControl:Error: Error C:/Users/Jake-Labeots/Documents/Unreal Projects/Multiplayer/Config/DefaultGame.ini - file(s) not in client view.

[2016.03.21-00.51.40:898][367]LogSourceControl: Attempting 'p4 fstat -Or C:/Users/Jake-Labeots/Documents/Unreal Projects/Multiplayer/Config/DefaultEngine.ini'
[2016.03.21-00.51.40:900][367]SourceControl:Error: Error C:/Users/Jake-Labeots/Documents/Unreal Projects/Multiplayer/Config/DefaultEngine.ini - file(s) not in client view.

[2016.03.21-00.51.41:545][435]LogSourceControl: Attempting 'p4 fstat -Or C:/Users/Jake-Labeots/Documents/Unreal Projects/Multiplayer/Config/DefaultGame.ini'
[2016.03.21-00.51.41:556][436]SourceControl:Error: Error C:/Users/Jake-Labeots/Documents/Unreal Projects/Multiplayer/Config/DefaultGame.ini - file(s) not in client view.

[2016.03.21-00.51.42:538][541]LogSourceControl: Attempting 'p4 fstat -Or C:/Users/Jake-Labeots/Documents/Unreal Projects/Multiplayer/Config/DefaultGame.ini'
[2016.03.21-00.51.42:548][542]SourceControl:Error: Error C:/Users/Jake-Labeots/Documents/Unreal Projects/Multiplayer/Config/DefaultGame.ini - file(s) not in client view.

[2016.03.21-00.51.45:559][871]LogSourceControl: Attempting 'p4 fstat -Or C:/Users/Jake-Labeots/Documents/Unreal Projects/Multiplayer/Config/DefaultGame.ini'
[2016.03.21-00.51.45:562][871]SourceControl:Error: Error C:/Users/Jake-Labeots/Documents/Unreal Projects/Multiplayer/Config/DefaultGame.ini - file(s) not in client view.

[2016.03.21-00.51.46:560][982]LogSourceControl: Attempting 'p4 fstat -Or C:/Users/Jake-Labeots/Documents/Unreal Projects/Multiplayer/Config/DefaultGame.ini'
[2016.03.21-00.51.46:572][983]SourceControl:Error: Error C:/Users/Jake-Labeots/Documents/Unreal Projects/Multiplayer/Config/DefaultGame.ini - file(s) not in client view.

[2016.03.21-00.51.47:554][ 92]LogSourceControl: Attempting 'p4 fstat -Or C:/Users/Jake-Labeots/Documents/Unreal Projects/Multiplayer/Config/DefaultGame.ini'
[2016.03.21-00.51.47:564][ 93]SourceControl:Error: Error C:/Users/Jake-Labeots/Documents/Unreal Projects/Multiplayer/Config/DefaultGame.ini - file(s) not in client view.

[2016.03.21-00.51.48:555][205]LogSourceControl: Attempting 'p4 fstat -Or C:/Users/Jake-Labeots/Documents/Unreal Projects/Multiplayer/Config/DefaultGame.ini'
[2016.03.21-00.51.48:567][206]SourceControl:Error: Error C:/Users/Jake-Labeots/Documents/Unreal Projects/Multiplayer/Config/DefaultGame.ini - file(s) not in client view.

[2016.03.21-00.51.49:467][307]LogActorComponent: UnregisterComponent: (/Engine/Transient.ProjectileMovement_GEN_VARIABLE) Not registered. Aborting.
[2016.03.21-00.51.52:825][307]LogSourceControl: Attempting 'p4 fstat -Or C:/Users/Jake-Labeots/Documents/Unreal Projects/Multiplayer/Content/MPMenu.uasset'
[2016.03.21-00.51.52:825][307]SourceControl:Error: Error C:/Users/Jake-Labeots/Documents/Unreal Projects/Multiplayer/Content/MPMenu.uasset - file(s) not in client view.

[2016.03.21-00.51.52:872][307]Cmd: OBJ SAVEPACKAGE PACKAGE="/Game/MPMenu" FILE="../../../../../../Users/Jake-Labeots/Documents/Unreal Projects/Multiplayer/Content/MPMenu.uasset" SILENT=true
[2016.03.21-00.51.52:998][307]LogSavePackage: Save=78.695633ms
[2016.03.21-00.51.52:998][307]LogSavePackage: Moving '../../../../../../Users/Jake-Labeots/Documents/Unreal Projects/Multiplayer/Saved/MPMenu7489A09646B7FACCCE1B47BF4EC8C158.tmp' to '../../../../../../Users/Jake-Labeots/Documents/Unreal Projects/Multiplayer/Content/MPMenu.uasset'
[2016.03.21-00.51.53:000][307]LogSavePackage: Total save time: 101.376921ms
[2016.03.21-00.51.53:000][307]LogSavePackage:Display: Finished SavePackage ../../../../../../Users/Jake-Labeots/Documents/Unreal Projects/Multiplayer/Content/MPMenu.uasset
[2016.03.21-00.51.53:047][307]LogSourceControl: Attempting 'p4 add C:/Users/Jake-Labeots/Documents/Unreal Projects/Multiplayer/Content/MPMenu.uasset'
[2016.03.21-00.51.53:047][307]SourceControl:Error: Error Client 'Multiplayer_Jake' can only be used from host 'Jake-Labeots-PC'.

[2016.03.21-00.51.53:176][307]LogWindowsTextInputMethodSystem:Display: IME system now deactivated.
[2016.03.21-00.51.53:395][308]Cmd: QUIT_EDITOR
[2016.03.21-00.51.53:457][308]LogSourceControl: Attempting 'p4 fstat -Or C:/Users/Jake-Labeots/Documents/Unreal Projects/Multiplayer/Content/MPMenu.uasset'
[2016.03.21-00.51.53:532][308]LogExit: Preparing to exit.
[2016.03.21-00.51.53:736][308]LogExit: Editor shut down
[2016.03.21-00.51.53:737][308]LogExit: Transaction tracking system shut down
[2016.03.21-00.51.53:738][308]LogParticles: Destroying 0 GPU particle simulations for FXSystem 0x000002813D547F60
[2016.03.21-00.51.53:739][308]LogParticles: Destroying 0 GPU particle simulations for FXSystem 0x0000028147A27880
[2016.03.21-00.51.53:739][308]LogParticles: Destroying 0 GPU particle simulations for FXSystem 0x000002813E3D3C40
[2016.03.21-00.51.53:739][308]LogParticles: Destroying 0 GPU particle simulations for FXSystem 0x0000028147B59D00
[2016.03.21-00.51.53:967][308]LogExit: Object subsystem successfully closed.
[2016.03.21-00.51.53:981][308]LogD3D11RHI: Shutdown
[2016.03.21-00.51.53:981][308]LogD3D11RHI: CleanupD3DDevice
[2016.03.21-00.51.54:042][308]LogD3D11RHI: ~FD3D11DynamicRHI
[2016.03.21-00.51.54:058][308]LogModuleManager: Shutting down and abandoning module CookingStats (201)
[2016.03.21-00.51.54:058][308]LogModuleManager: Shutting down and abandoning module ExternalImagePicker (200)
[2016.03.21-00.51.54:058][308]LogModuleManager: Shutting down and abandoning module BlueprintGraph (199)
[2016.03.21-00.51.54:058][308]LogModuleManager: Shutting down and abandoning module CrashTracker (198)
[2016.03.21-00.51.54:058][308]LogModuleManager: Shutting down and abandoning module SceneOutliner (197)
[2016.03.21-00.51.54:058][308]LogModuleManager: Shutting down and abandoning module SuperSearch (196)
[2016.03.21-00.51.54:058][308]LogModuleManager: Shutting down and abandoning module WidgetCarousel (195)
[2016.03.21-00.51.54:058][308]LogModuleManager: Shutting down and abandoning module AddContentDialog (194)
[2016.03.21-00.51.54:087][308]LogModuleManager: Shutting down and abandoning module EditorWidgets (193)
[2016.03.21-00.51.54:087][308]LogModuleManager: Shutting down and abandoning module CollectionManager (192)
[2016.03.21-00.51.54:088][308]LogModuleManager: Shutting down and abandoning module StatsViewer (191)
[2016.03.21-00.51.54:088][308]LogModuleManager: Shutting down and abandoning module FoliageEdit (190)
[2016.03.21-00.51.54:088][308]LogModuleManager: Shutting down and abandoning module LandscapeEditor (189)
[2016.03.21-00.51.54:088][308]LogModuleManager: Shutting down and abandoning module ActorPickerMode (188)
[2016.03.21-00.51.54:088][308]LogModuleManager: Shutting down and abandoning module GeometryMode (187)
[2016.03.21-00.51.54:088][308]LogModuleManager: Shutting down and abandoning module TextureAlignMode (186)
[2016.03.21-00.51.54:088][308]LogModuleManager: Shutting down and abandoning module BspMode (185)
[2016.03.21-00.51.54:088][308]LogModuleManager: Shutting down and abandoning module PlacementMode (184)
[2016.03.21-00.51.54:088][308]LogModuleManager: Shutting down and abandoning module AutomationWorker (183)
[2016.03.21-00.51.54:088][308]LogModuleManager: Shutting down and abandoning module CharacterAI (182)
[2016.03.21-00.51.54:088][308]LogModuleManager: Shutting down and abandoning module SmartSnapping (181)
[2016.03.21-00.51.54:088][308]LogModuleManager: Shutting down and abandoning module ViewportSnapping (180)
[2016.03.21-00.51.54:088][308]LogModuleManager: Shutting down and abandoning module LogVisualizer (179)
[2016.03.21-00.51.54:088][308]LogModuleManager: Shutting down and abandoning module GameProjectGeneration (178)
[2016.03.21-00.51.54:088][308]LogModuleManager: Shutting down and abandoning module IntroTutorials (177)
[2016.03.21-00.51.54:088][308]LogModuleManager: Shutting down and abandoning module EditorLiveStreaming (176)
[2016.03.21-00.51.54:088][308]LogModuleManager: Shutting down and abandoning module IOSPlatformEditor (175)
[2016.03.21-00.51.54:088][308]LogModuleManager: Shutting down and abandoning module HTML5PlatformEditor (174)
[2016.03.21-00.51.54:088][308]LogModuleManager: Shutting down and abandoning module AndroidDeviceDetection (173)
[2016.03.21-00.51.54:755][308]LogModuleManager: Shutting down and abandoning module AndroidPlatformEditor (172)
[2016.03.21-00.51.54:756][308]LogModuleManager: Shutting down and abandoning module IOSRuntimeSettings (171)
[2016.03.21-00.51.54:756][308]LogModuleManager: Shutting down and abandoning module AndroidRuntimeSettings (170)
[2016.03.21-00.51.54:756][308]LogModuleManager: Shutting down and abandoning module MergeActors (169)
[2016.03.21-00.51.54:756][308]LogModuleManager: Shutting down and abandoning module SizeMap (168)
[2016.03.21-00.51.54:756][308]LogModuleManager: Shutting down and abandoning module TreeMap (167)
[2016.03.21-00.51.54:756][308]LogModuleManager: Shutting down and abandoning module ReferenceViewer (166)
[2016.03.21-00.51.54:756][308]LogModuleManager: Shutting down and abandoning module LocalizationService (165)
[2016.03.21-00.51.54:756][308]LogModuleManager: Shutting down and abandoning module LocalizationDashboard (164)
[2016.03.21-00.51.54:756][308]LogModuleManager: Shutting down and abandoning module HardwareTargeting (163)
[2016.03.21-00.51.54:756][308]LogModuleManager: Shutting down and abandoning module DeviceProfileEditor (162)
[2016.03.21-00.51.54:756][308]LogModuleManager: Shutting down and abandoning module UndoHistory (161)
[2016.03.21-00.51.54:756][308]LogModuleManager: Shutting down and abandoning module GameplayTagsEditor (160)
[2016.03.21-00.51.54:756][308]LogModuleManager: Shutting down and abandoning module UserFeedback (159)
[2016.03.21-00.51.54:756][308]LogModuleManager: Shutting down and abandoning module XmlParser (158)
[2016.03.21-00.51.54:756][308]LogModuleManager: Shutting down and abandoning module Blutility (157)
[2016.03.21-00.51.54:756][308]LogModuleManager: Shutting down and abandoning module ProjectTargetPlatformEditor (156)
[2016.03.21-00.51.54:756][308]LogModuleManager: Shutting down and abandoning module ProjectSettingsViewer (155)
[2016.03.21-00.51.54:756][308]LogModuleManager: Shutting down and abandoning module InputBindingEditor (154)
[2016.03.21-00.51.54:756][308]LogModuleManager: Shutting down and abandoning module EditorSettingsViewer (153)
[2016.03.21-00.51.54:756][308]LogModuleManager: Shutting down and abandoning module SettingsEditor (152)
[2016.03.21-00.51.54:757][308]LogModuleManager: Shutting down and abandoning module ProjectLauncher (151)
[2016.03.21-00.51.54:757][308]LogModuleManager: Shutting down and abandoning module SessionFrontend (150)
[2016.03.21-00.51.54:757][308]LogModuleManager: Shutting down and abandoning module ProfilerClient (149)
[2016.03.21-00.51.54:757][308]LogModuleManager: Shutting down and abandoning module TargetDeviceServices (148)
[2016.03.21-00.51.54:757][308]LogModuleManager: Shutting down and abandoning module DeviceManager (147)
[2016.03.21-00.51.54:757][308]LogModuleManager: Shutting down and abandoning module AutomationController (146)
[2016.03.21-00.51.54:757][308]LogModuleManager: Shutting down and abandoning module AutomationWindow (145)
[2016.03.21-00.51.54:757][308]LogModuleManager: Shutting down and abandoning module Layers (144)
[2016.03.21-00.51.54:757][308]LogModuleManager: Shutting down and abandoning module ComponentVisualizers (143)
[2016.03.21-00.51.54:757][308]LogModuleManager: Shutting down and abandoning module DetailCustomizations (142)
[2016.03.21-00.51.54:757][308]LogModuleManager: Shutting down and abandoning module PackagesDialog (141)
[2016.03.21-00.51.54:757][308]LogModuleManager: Shutting down and abandoning module Persona (140)
[2016.03.21-00.51.54:757][308]LogModuleManager: Shutting down and abandoning module Kismet (139)
[2016.03.21-00.51.54:757][308]LogModuleManager: Shutting down and abandoning module GraphEditor (138)
[2016.03.21-00.51.54:757][308]LogModuleManager: Shutting down and abandoning module ClassViewer (137)
[2016.03.21-00.51.54:759][308]LogModuleManager: Shutting down and abandoning module Toolbox (136)
[2016.03.21-00.51.54:759][308]LogModuleManager: Shutting down and abandoning module ModuleUI (135)
[2016.03.21-00.51.54:759][308]LogModuleManager: Shutting down and abandoning module MovieSceneTools (134)
[2016.03.21-00.51.54:759][308]LogModuleManager: Shutting down and abandoning module OutputLog (133)
[2016.03.21-00.51.54:759][308]LogModuleManager: Shutting down and abandoning module GammaUI (132)
[2016.03.21-00.51.54:759][308]LogModuleManager: Shutting down and abandoning module Documentation (131)
[2016.03.21-00.51.54:759][308]LogModuleManager: Shutting down and abandoning module GameLiveStreaming (130)
[2016.03.21-00.51.54:759][308]LogModuleManager: Shutting down and abandoning module StreamingPauseRendering (129)
[2016.03.21-00.51.54:759][308]LogModuleManager: Shutting down and abandoning module AnalyticsET (128)
[2016.03.21-00.51.54:759][308]LogModuleManager: Shutting down and abandoning module Analytics (127)
[2016.03.21-00.51.54:759][308]LogModuleManager: Shutting down and abandoning module AITestSuite (126)
[2016.03.21-00.51.54:759][308]LogModuleManager: Shutting down and abandoning module GameplayDebugger (125)
[2016.03.21-00.51.54:759][308]LogModuleManager: Shutting down and abandoning module AIModule (124)
[2016.03.21-00.51.54:759][308]LogModuleManager: Shutting down and abandoning module ProfilerService (123)
[2016.03.21-00.51.54:939][308]LogModuleManager: Shutting down and abandoning module TaskGraph (122)
[2016.03.21-00.51.54:939][308]LogModuleManager: Shutting down and abandoning module SlateRemote (121)
[2016.03.21-00.51.54:939][308]LogModuleManager: Shutting down and abandoning module SteamVRController (120)
[2016.03.21-00.51.54:939][308]LogModuleManager: Shutting down and abandoning module SteamVR (119)
[2016.03.21-00.51.54:939][308]LogModuleManager: Shutting down and abandoning module ProceduralMeshComponent (118)
[2016.03.21-00.51.54:939][308]LogModuleManager: Shutting down and abandoning module OculusLibrary (117)
[2016.03.21-00.51.54:939][308]LogModuleManager: Shutting down and abandoning module OculusInput (116)
[2016.03.21-00.51.54:939][308]LogModuleManager: Shutting down and abandoning module LeapMotionController (115)
[2016.03.21-00.51.54:951][308]LogModuleManager: Shutting down and abandoning module CustomMeshComponent (114)
[2016.03.21-00.51.54:951][308]LogModuleManager: Shutting down and abandoning module CableComponent (113)
[2016.03.21-00.51.54:951][308]LogModuleManager: Shutting down and abandoning module ArchVisCharacter (112)
[2016.03.21-00.51.54:951][308]LogModuleManager: Shutting down and abandoning module MessagingDebugger (111)
[2016.03.21-00.51.54:951][308]LogModuleManager: Shutting down and abandoning module MediaPlayerEditor (110)
[2016.03.21-00.51.54:951][308]LogModuleManager: Shutting down and abandoning module HTML5Networking (109)
[2016.03.21-00.51.54:951][308]LogModuleManager: Shutting down and abandoning module SpeedTreeImporter (108)
[2016.03.21-00.51.54:951][308]LogModuleManager: Shutting down and abandoning module PluginBrowser (107)
[2016.03.21-00.51.54:951][308]LogModuleManager: Shutting down and abandoning module EpicSurvey (106)
[2016.03.21-00.51.54:951][308]LogModuleManager: Shutting down and abandoning module DesktopPlatform (105)
[2016.03.21-00.51.54:951][308]LogModuleManager: Shutting down and abandoning module VisualStudioSourceCodeAccess (104)
[2016.03.21-00.51.54:951][308]LogModuleManager: Shutting down and abandoning module UObjectPlugin (103)
[2016.03.21-00.51.54:951][308]LogModuleManager: Shutting down and abandoning module SubversionSourceControl (102)
[2016.03.21-00.51.54:951][308]LogModuleManager: Shutting down and abandoning module PerforceSourceControl (101)
[2016.03.21-00.51.54:951][308]LogModuleManager: Shutting down and abandoning module SourceControl (100)
[2016.03.21-00.51.54:951][308]LogModuleManager: Shutting down and abandoning module GitSourceControl (99)
[2016.03.21-00.51.54:951][308]LogModuleManager: Shutting down and abandoning module LightPropagationVolumeEditor (98)
[2016.03.21-00.51.54:951][308]LogModuleManager: Shutting down and abandoning module PaperTiledImporter (97)
[2016.03.21-00.51.54:951][308]LogModuleManager: Shutting down and abandoning module PaperSpriteSheetImporter (96)
[2016.03.21-00.51.54:952][308]LogModuleManager: Shutting down and abandoning module MeshPaint (95)
[2016.03.21-00.51.54:952][308]LogModuleManager: Shutting down and abandoning module SlateReflector (94)
[2016.03.21-00.51.54:952][308]LogModuleManager: Shutting down and abandoning module HotReload (93)
[2016.03.21-00.51.54:952][308]LogModuleManager: Shutting down and abandoning module MainFrame (92)
[2016.03.21-00.51.54:952][308]LogModuleManager: Shutting down and abandoning module LevelEditor (91)
[2016.03.21-00.51.54:952][308]LogModuleManager: Shutting down and abandoning module DirectoryWatcher (90)
[2016.03.21-00.51.54:953][308]LogModuleManager: Shutting down and abandoning module AssetRegistry (89)
[2016.03.21-00.51.55:074][308]LogModuleManager: Shutting down and abandoning module ContentBrowser (88)
[2016.03.21-00.51.55:075][308]LogModuleManager: Shutting down and abandoning module Paper2DEditor (87)
[2016.03.21-00.51.55:075][308]LogModuleManager: Shutting down and abandoning module UdpMessaging (86)
[2016.03.21-00.51.55:176][308]LogModuleManager: Shutting down and abandoning module LightPropagationVolumeRuntime (85)
[2016.03.21-00.51.55:176][308]LogModuleManager: Shutting down and abandoning module Paper2D (84)
[2016.03.21-00.51.55:176][308]LogModuleManager: Shutting down and abandoning module WindowsMoviePlayer (83)
[2016.03.21-00.51.55:181][308]LogModuleManager: Shutting down and abandoning module Media (82)
[2016.03.21-00.51.55:181][308]LogModuleManager: Shutting down and abandoning module WmfMedia (81)
[2016.03.21-00.51.55:183][308]LogModuleManager: Shutting down and abandoning module OnlineBlueprintSupport (80)
[2016.03.21-00.51.55:183][308]LogModuleManager: Shutting down and abandoning module GameplayTasksEditor (79)
[2016.03.21-00.51.55:183][308]LogModuleManager: Shutting down and abandoning module PropertyEditor (78)
[2016.03.21-00.51.55:183][308]LogModuleManager: Shutting down and abandoning module BehaviorTreeEditor (77)
[2016.03.21-00.51.55:183][308]LogModuleManager: Shutting down and abandoning module FunctionalTesting (76)
[2016.03.21-00.51.55:183][308]LogModuleManager: Shutting down and abandoning module CollisionAnalyzer (75)
[2016.03.21-00.51.55:183][308]LogModuleManager: Shutting down and abandoning module WorkspaceMenuStructure (74)
[2016.03.21-00.51.55:183][308]LogModuleManager: Shutting down and abandoning module MessageLog (73)
[2016.03.21-00.51.55:183][308]LogModuleManager: Shutting down and abandoning module Sequencer (72)
[2016.03.21-00.51.55:183][308]LogModuleManager: Shutting down and abandoning module AssetTools (71)
[2016.03.21-00.51.55:183][308]LogModuleManager: Shutting down and abandoning module UMGEditor (70)
[2016.03.21-00.51.55:183][308]LogModuleManager: Shutting down and abandoning module UMG (69)
[2016.03.21-00.51.55:183][308]LogModuleManager: Shutting down and abandoning module Slate (68)
[2016.03.21-00.51.55:183][308]LogModuleManager: Shutting down and abandoning module EditorStyle (67)
[2016.03.21-00.51.55:187][308]LogModuleManager: Shutting down and abandoning module SessionServices (66)
[2016.03.21-00.51.55:187][308]LogModuleManager: Shutting down and abandoning module SourceCodeAccess (65)
[2016.03.21-00.51.55:187][308]LogModuleManager: Shutting down and abandoning module HeadMountedDisplay (64)
[2016.03.21-00.51.55:187][308]LogModuleManager: Shutting down and abandoning module XAudio2 (63)
[2016.03.21-00.51.55:187][308]LogModuleManager: Shutting down and abandoning module Networking (61)
[2016.03.21-00.51.55:187][308]LogModuleManager: Shutting down and abandoning module Core (60)
[2016.03.21-00.51.55:187][308]LogModuleManager: Shutting down and abandoning module KismetCompiler (59)
[2016.03.21-00.51.55:187][308]LogModuleManager: Shutting down and abandoning module PhysXFormats (58)
[2016.03.21-00.51.55:187][308]LogModuleManager: Shutting down and abandoning module MeshUtilities (57)
[2016.03.21-00.51.55:187][308]LogModuleManager: Shutting down and abandoning module DerivedDataCache (56)
[2016.03.21-00.51.55:272][308]LogDerivedDataCache: Shutdown
[2016.03.21-00.51.55:272][308]LogModuleManager: Shutting down and abandoning module ShaderFormatOpenGL (55)
[2016.03.21-00.51.55:272][308]LogModuleManager: Shutting down and abandoning module ShaderFormatD3D (54)
[2016.03.21-00.51.55:272][308]LogModuleManager: Shutting down and abandoning module MetalShaderFormat (53)
[2016.03.21-00.51.55:272][308]LogModuleManager: Shutting down and abandoning module TextureFormatUncompressed (52)
[2016.03.21-00.51.55:272][308]LogModuleManager: Shutting down and abandoning module TextureFormatPVR (51)
[2016.03.21-00.51.55:272][308]LogModuleManager: Shutting down and abandoning module TextureFormatIntelISPCTexComp (50)
[2016.03.21-00.51.55:272][308]LogModuleManager: Shutting down and abandoning module TextureFormatDXT (49)
[2016.03.21-00.51.55:272][308]LogModuleManager: Shutting down and abandoning module ImageWrapper (48)
[2016.03.21-00.51.55:272][308]LogModuleManager: Shutting down and abandoning module TextureFormatASTC (47)
[2016.03.21-00.51.55:272][308]LogModuleManager: Shutting down and abandoning module TextureFormatAndroid (46)
[2016.03.21-00.51.55:272][308]LogModuleManager: Shutting down and abandoning module AudioFormatOpus (45)
[2016.03.21-00.51.55:272][308]LogModuleManager: Shutting down and abandoning module AudioFormatOgg (44)
[2016.03.21-00.51.55:272][308]LogModuleManager: Shutting down and abandoning module AudioFormatADPCM (43)
[2016.03.21-00.51.55:272][308]LogModuleManager: Shutting down and abandoning module LinuxTargetPlatform (42)
[2016.03.21-00.51.55:272][308]LogModuleManager: Shutting down and abandoning module LinuxServerTargetPlatform (41)
[2016.03.21-00.51.55:272][308]LogModuleManager: Shutting down and abandoning module LinuxNoEditorTargetPlatform (40)
[2016.03.21-00.51.55:272][308]LogModuleManager: Shutting down and abandoning module Messaging (39)
[2016.03.21-00.51.55:272][308]LogModuleManager: Shutting down and abandoning module IOSTargetPlatform (38)
[2016.03.21-00.51.55:272][308]LogModuleManager: Shutting down and abandoning module HTML5TargetPlatform (37)
[2016.03.21-00.51.55:272][308]LogModuleManager: Shutting down and abandoning module Android_PVRTCTargetPlatform (36)
[2016.03.21-00.51.55:272][308]LogModuleManager: Shutting down and abandoning module Android_MultiTargetPlatform (35)
[2016.03.21-00.51.55:272][308]LogModuleManager: Shutting down and abandoning module Android_ETC2TargetPlatform (34)
[2016.03.21-00.51.55:272][308]LogModuleManager: Shutting down and abandoning module Android_ETC1TargetPlatform (33)
[2016.03.21-00.51.55:272][308]LogModuleManager: Shutting down and abandoning module Android_DXTTargetPlatform (32)
[2016.03.21-00.51.55:272][308]LogModuleManager: Shutting down and abandoning module Android_ATCTargetPlatform (31)
[2016.03.21-00.51.55:272][308]LogModuleManager: Shutting down and abandoning module Android_ASTCTargetPlatform (30)
[2016.03.21-00.51.55:272][308]LogModuleManager: Shutting down and abandoning module AndroidTargetPlatform (29)
[2016.03.21-00.51.55:272][308]LogModuleManager: Shutting down and abandoning module WindowsTargetPlatform (28)
[2016.03.21-00.51.55:272][308]LogModuleManager: Shutting down and abandoning module WindowsServerTargetPlatform (27)
[2016.03.21-00.51.55:272][308]LogModuleManager: Shutting down and abandoning module WindowsNoEditorTargetPlatform (26)
[2016.03.21-00.51.55:272][308]LogModuleManager: Shutting down and abandoning module WindowsClientTargetPlatform (25)
[2016.03.21-00.51.55:272][308]LogModuleManager: Shutting down and abandoning module AllDesktopTargetPlatform (24)
[2016.03.21-00.51.55:272][308]LogModuleManager: Shutting down and abandoning module TargetPlatform (23)
[2016.03.21-00.51.55:272][308]LogModuleManager: Shutting down and abandoning module InputCore (22)
[2016.03.21-00.51.55:273][308]LogModuleManager: Shutting down and abandoning module Settings (21)
[2016.03.21-00.51.55:273][308]LogModuleManager: Shutting down and abandoning module OnlineSubsystem (19)
[2016.03.21-00.51.55:273][308]LogModuleManager: Shutting down and abandoning module HTTP (18)
[2016.03.21-00.51.57:277][308]LogModuleManager: Shutting down and abandoning module XMPP (17)
[2016.03.21-00.51.57:277][308]LogModuleManager: Shutting down and abandoning module OculusRift (16)
[2016.03.21-00.51.57:277][308]LogModuleManager: Shutting down and abandoning module ExampleDeviceProfileSelector (15)
[2016.03.21-00.51.57:277][308]LogModuleManager: Shutting down and abandoning module TextureCompressor (14)
[2016.03.21-00.51.57:277][308]LogModuleManager: Shutting down and abandoning module ShaderCore (13)
[2016.03.21-00.51.57:277][308]LogModuleManager: Shutting down and abandoning module Landscape (12)
[2016.03.21-00.51.57:277][308]LogModuleManager: Shutting down and abandoning module SlateRHIRenderer (11)
[2016.03.21-00.51.57:278][308]LogModuleManager: Shutting down and abandoning module OpenGLDrv (10)
[2016.03.21-00.51.57:278][308]LogModuleManager: Shutting down and abandoning module D3D11RHI (9)
[2016.03.21-00.51.57:278][308]LogModuleManager: Shutting down and abandoning module AnimGraphRuntime (8)
[2016.03.21-00.51.57:278][308]LogModuleManager: Shutting down and abandoning module Renderer (7)
[2016.03.21-00.51.57:278][308]LogModuleManager: Shutting down and abandoning module Engine (6)
[2016.03.21-00.51.57:278][308]LogModuleManager: Shutting down and abandoning module CoreUObject (5)
[2016.03.21-00.51.57:278][308]LogModuleManager: Shutting down and abandoning module NetworkFile (4)
[2016.03.21-00.51.57:278][308]LogModuleManager: Shutting down and abandoning module StreamingFile (3)
[2016.03.21-00.51.57:278][308]LogModuleManager: Shutting down and abandoning module SandboxFile (2)
[2016.03.21-00.51.57:278][308]LogModuleManager: Shutting down and abandoning module PakFile (1)
[2016.03.21-00.51.57:302][308]LogExit: Exiting.
[2016.03.21-00.51.57:327][308]Log file closed, 03/20/16 19:51:57
