[2016.03.21-02.21.04:983][  0]Log file open, 03/20/16 21:21:04
[2016.03.21-02.21.04:983][  0]LogInit:Display: Running engine for game: Multiplayer
[2016.03.21-02.21.04:983][  0]LogPlatformFile: Not using cached read wrapper
[2016.03.21-02.21.04:983][  0]LogInit:Display: RandInit(-299622107) SRandInit(-299622106).
[2016.03.21-02.21.04:983][  0]LogTaskGraph: Started task graph with 4 named threads and 7 total threads.
[2016.03.21-02.21.04:983][  0]LogStats: Stats thread started at 0.080612
[2016.03.21-02.21.04:983][  0]LogInit: Version: 4.10.4-2872498+++depot+UE4-Releases+4.10
[2016.03.21-02.21.04:983][  0]LogInit: API Version: 2758231
[2016.03.21-02.21.04:983][  0]LogInit: Compiled (64-bit): Feb 18 2016 15:47:04
[2016.03.21-02.21.04:983][  0]LogInit: Compiled with Visual C++: 19.00.23026.00
[2016.03.21-02.21.04:983][  0]LogInit: Build Configuration: Development
[2016.03.21-02.21.04:983][  0]LogInit: Branch Name: ++depot+UE4-Releases+4.10
[2016.03.21-02.21.04:983][  0]LogInit: Command line: -EpicPortal 
[2016.03.21-02.21.04:983][  0]LogInit: Base directory: C:/Program Files/Epic Games/4.10/Engine/Binaries/Win64/
[2016.03.21-02.21.04:983][  0]LogInit: Rocket: 1
[2016.03.21-02.21.04:990][  0]LogInit: Using libcurl 7.41.0
[2016.03.21-02.21.04:990][  0]LogInit:  - built for x86_64-pc-win32
[2016.03.21-02.21.04:990][  0]LogInit:  - supports SSL with WinSSL
[2016.03.21-02.21.04:990][  0]LogInit:  - other features:
[2016.03.21-02.21.04:990][  0]LogInit:      CURL_VERSION_SSL
[2016.03.21-02.21.04:990][  0]LogInit:      CURL_VERSION_IPV6
[2016.03.21-02.21.04:990][  0]LogInit:      CURL_VERSION_ASYNCHDNS
[2016.03.21-02.21.04:990][  0]LogInit:      CURL_VERSION_LARGEFILE
[2016.03.21-02.21.04:990][  0]LogInit:      CURL_VERSION_IDN
[2016.03.21-02.21.04:990][  0]LogInit:  CurlRequestOptions (configurable via config and command line):
[2016.03.21-02.21.04:990][  0]LogInit:  - bVerifyPeer = true  - Libcurl will verify peer certificate
[2016.03.21-02.21.04:990][  0]LogInit:  - bUseHttpProxy = false  - Libcurl will NOT use HTTP proxy
[2016.03.21-02.21.04:990][  0]LogInit:  - bDontReuseConnections = false  - Libcurl will reuse connections
[2016.03.21-02.21.04:990][  0]LogInit:  - CertBundlePath = nullptr  - Libcurl will use whatever was configured at build time.
[2016.03.21-02.21.05:089][  0]LogInit: WinSock: version 1.1 (2.2), MaxSocks=32767, MaxUdp=65467
[2016.03.21-02.21.05:115][  0]LogVoice:Warning: Failed to initialize voice interface
[2016.03.21-02.21.05:121][  0]LogInit: Presizing for 0 objects not considered by GC, pre-allocating 0 bytes.
[2016.03.21-02.21.05:127][  0]LogInit: Object subsystem initialized
[2016.03.21-02.21.05:128][  0]LogInit: Selected Device Profile: [Windows]
[2016.03.21-02.21.05:128][  0]LogInit: Applying CVar settings loaded from the selected device profile: [Windows]
[2016.03.21-02.21.05:135][  0]LogInit: Computer: JAKE-LABEOTS-PC
[2016.03.21-02.21.05:135][  0]LogInit: User: JakeLabeots
[2016.03.21-02.21.05:135][  0]LogInit: CPU Page size=4096, Cores=4
[2016.03.21-02.21.05:135][  0]LogInit: High frequency timer resolution =3.323577 MHz
[2016.03.21-02.21.05:135][  0]LogMemory: Memory total: Physical=8.0GB (8GB approx)
[2016.03.21-02.21.05:135][  0]LogMemory: Platform Memory Stats for Windows
[2016.03.21-02.21.05:135][  0]LogMemory: Process Physical Memory: 59.19 MB used, 59.19 MB peak
[2016.03.21-02.21.05:135][  0]LogMemory: Process Virtual Memory: 59.04 MB used, 59.04 MB peak
[2016.03.21-02.21.05:135][  0]LogMemory: Physical Memory: 4164.71 MB used, 8149.52 MB total
[2016.03.21-02.21.05:135][  0]LogMemory: Virtual Memory: 387.48 MB used, 134217728.00 MB total
[2016.03.21-02.21.05:182][  0]LogTextLocalizationManager: No specific translations for ('en-US') exist, so ('en') translations will be used.
[2016.03.21-02.21.05:542][  0]LogD3D11RHI: Found D3D11 adapter 0: NVIDIA GeForce GTX 970 (Feature Level 11_0)
[2016.03.21-02.21.05:542][  0]LogD3D11RHI: Adapter has 4007MB of dedicated video memory, 0MB of dedicated system memory, and 4074MB of shared system memory, 2 output[s]
[2016.03.21-02.21.05:544][  0]LogD3D11RHI: Found D3D11 adapter 1: Microsoft Basic Render Driver (Feature Level 11_0)
[2016.03.21-02.21.05:544][  0]LogD3D11RHI: Adapter has 0MB of dedicated video memory, 0MB of dedicated system memory, and 4074MB of shared system memory, 0 output[s]
[2016.03.21-02.21.05:544][  0]LogD3D11RHI: Chosen D3D11 Adapter Id = 0
[2016.03.21-02.21.05:546][  0]LogD3D11RHI: !Direct3DDevice
[2016.03.21-02.21.05:546][  0]LogRHI: Texture pool is 1361 MB (70% of 1945 MB)
[2016.03.21-02.21.05:557][  0]LogD3D11RHI: Async texture creation enabled
[2016.03.21-02.21.05:568][  0]LogShaderCompilers: Guid format shader working directory is -8 characters bigger than the processId version (../../../../../../Users/Jake-Labeots/Perforce/multiplayer/Intermediate/Shaders/WorkingDirectory/6388/).
[2016.03.21-02.21.05:568][  0]LogShaderCompilers: Cleaned the shader compiler working directory 'C:/Users/JAKE-L~1/AppData/Local/Temp/UnrealShaderWorkingDir/C06DA05D4D94C5A6491BE0AC8C32B222/'.
[2016.03.21-02.21.05:568][  0]LogShaderCompilers:Display: Using Local Shader Compiler.
[2016.03.21-02.21.06:519][  0]LogTemp:Display: Loaded TP AllDesktopTargetPlatform
[2016.03.21-02.21.06:524][  0]LogTemp:Display: Loaded TP WindowsClientTargetPlatform
[2016.03.21-02.21.06:528][  0]LogTemp:Display: Loaded TP WindowsNoEditorTargetPlatform
[2016.03.21-02.21.06:533][  0]LogTemp:Display: Loaded TP WindowsServerTargetPlatform
[2016.03.21-02.21.06:538][  0]LogTemp:Display: Loaded TP WindowsTargetPlatform
[2016.03.21-02.21.06:541][  0]LogTemp:Display: Loaded TP AndroidTargetPlatform
[2016.03.21-02.21.06:544][  0]LogTemp:Display: Loaded TP Android_ASTCTargetPlatform
[2016.03.21-02.21.06:547][  0]LogTemp:Display: Loaded TP Android_ATCTargetPlatform
[2016.03.21-02.21.06:549][  0]LogTemp:Display: Loaded TP Android_DXTTargetPlatform
[2016.03.21-02.21.06:552][  0]LogTemp:Display: Loaded TP Android_ETC1TargetPlatform
[2016.03.21-02.21.06:556][  0]LogTemp:Display: Loaded TP Android_ETC2TargetPlatform
[2016.03.21-02.21.06:562][  0]LogTemp:Display: Loaded TP Android_MultiTargetPlatform
[2016.03.21-02.21.06:562][  0]LogTemp:Display: Loaded TP Android_PVRTCTargetPlatform
[2016.03.21-02.21.06:563][  0]LogTemp:Display: Loaded TP HTML5TargetPlatform
[2016.03.21-02.21.06:580][  0]LogTemp:Display: Loaded TP IOSTargetPlatform
[2016.03.21-02.21.06:583][  0]LogTemp:Display: Loaded TP LinuxNoEditorTargetPlatform
[2016.03.21-02.21.06:585][  0]LogTemp:Display: Loaded TP LinuxServerTargetPlatform
[2016.03.21-02.21.06:588][  0]LogTemp:Display: Loaded TP LinuxTargetPlatform
[2016.03.21-02.21.06:588][  0]LogTargetPlatformManager:Display: Building Assets For Windows
[2016.03.21-02.21.06:679][  0]LogDerivedDataCache:Display: Max Cache Size: 512 MB
[2016.03.21-02.21.06:717][  0]LogDerivedDataCache: Loaded boot cache 0.04s 41MB C:/Users/Jake-Labeots/AppData/Local/UnrealEngine/4.10/DerivedDataCache/Boot.ddc.
[2016.03.21-02.21.06:717][  0]LogDerivedDataCache:Display: Loaded Boot cache: C:/Users/Jake-Labeots/AppData/Local/UnrealEngine/4.10/DerivedDataCache/Boot.ddc
[2016.03.21-02.21.06:717][  0]LogDerivedDataCache: FDerivedDataBackendGraph:  Pak pak cache file ../../../../../../Users/Jake-Labeots/Perforce/multiplayer/DerivedDataCache/DDC.ddp not found, will not use a pak cache.
[2016.03.21-02.21.06:717][  0]LogDerivedDataCache: Unable to find inner node Pak for hierarchical cache Hierarchy.
[2016.03.21-02.21.06:717][  0]LogDerivedDataCache: FDerivedDataBackendGraph:  CompressedPak pak cache file ../../../../../../Users/Jake-Labeots/Perforce/multiplayer/DerivedDataCache/Compressed.ddp not found, will not use a pak cache.
[2016.03.21-02.21.06:717][  0]LogDerivedDataCache: Unable to find inner node CompressedPak for hierarchical cache Hierarchy.
[2016.03.21-02.21.06:772][  0]LogDerivedDataCache:Display: Pak cache opened for reading ../../../Engine/DerivedDataCache/Compressed.ddp.
[2016.03.21-02.21.06:784][  0]LogDerivedDataCache: Using Local data cache path C:/Users/Jake-Labeots/AppData/Local/UnrealEngine/Common/DerivedDataCache: Writable
[2016.03.21-02.21.06:969][  0]LogInit: Selected Device Profile: [Windows]
[2016.03.21-02.21.06:972][  0]LogContentStreaming: Texture pool size is 0.000000MB
[2016.03.21-02.21.07:074][  0]LogMeshUtilities: No automatic mesh reduction module available
[2016.03.21-02.21.07:074][  0]LogMeshUtilities: No automatic mesh merging module available
[2016.03.21-02.21.07:953][  0]UdpMessaging: Initializing bridge on interface 0.0.0.0:0 to multicast group 230.0.0.1:6666.
[2016.03.21-02.21.08:051][  0]LogAssetRegistry: FAssetRegistry took 0.0113 seconds to start up
[2016.03.21-02.21.08:212][  0]SourceControl: Info Source control is disabled
[2016.03.21-02.21.08:213][  0]SourceControl: Info Source control is disabled
[2016.03.21-02.21.08:544][  0]LogObj: 28633 objects as part of root set at end of initial load.
[2016.03.21-02.21.08:544][  0]LogUObjectAllocator: 6099752 out of 0 bytes used by permanent object pool.
[2016.03.21-02.21.08:597][  0]LogEngine: Initializing Engine...
[2016.03.21-02.21.08:628][  0]LogHMD: Can't find Oculus library dev build: is proper Runtime installed? Version: 0.8.0.0
[2016.03.21-02.21.08:628][  0]LogHMD: SteamVR failed to initialize.  Err: 110
[2016.03.21-02.21.08:743][  0]LogAIModule: Creating AISystem for world NewWorld
[2016.03.21-02.21.08:753][  0]LogInit: XAudio2 using 'Speakers (M-Audio Mobile Pre MKII)' : 2 channels at 44.1 kHz using 32 bits per sample (channel mask 0x3)
[2016.03.21-02.21.08:792][  0]LogInit: FAudioDevice initialized.
[2016.03.21-02.21.09:009][  0]LogDerivedDataCache: Saved boot cache 0.22s 41MB C:/Users/Jake-Labeots/AppData/Local/UnrealEngine/4.10/DerivedDataCache/Boot.ddc.
[2016.03.21-02.21.09:012][  0]LogInit: Texture streaming: Enabled
[2016.03.21-02.21.09:018][  0]LogAnalytics: Creating configured Analytics provider AnalyticsET
[2016.03.21-02.21.09:018][  0]LogAnalytics: [UEEditor.Rocket.Release] APIServer = http://et2.epicgames.com/ET2/. AppVersion = 4.10.4-2872498+++depot+UE4-Releases+4.10
[2016.03.21-02.21.09:018][  0]LogAnalytics: [UEEditor.Rocket.Release] SetUserId 1c408550412074472577dbb807d1551c|97c76976fa3740d3b226398cc3775821|3c95985a-48c0-43f1-86b1-53582fe17255
[2016.03.21-02.21.09:018][  0]LogAnalytics: [UEEditor.Rocket.Release] AnalyticsET::StartSession
[2016.03.21-02.21.09:026][  0]LogInit: Transaction tracking system initialized
[2016.03.21-02.21.09:057][  0]BlueprintLog: New page: Editor Load
[2016.03.21-02.21.09:150][  0]LocalizationService: Info Localization service is disabled
[2016.03.21-02.21.09:230][  0]LogConsoleResponse:Display: 
[2016.03.21-02.21.09:338][  0]LogCook:Display: Done creating registry. It took  0.00s.
[2016.03.21-02.21.09:447][  0]LogFileCache: Scanning file cache for directory 'C:/Users/Jake-Labeots/Perforce/multiplayer/Content/' took 0.01s
[2016.03.21-02.21.09:447][  0]SourceControl:Error: Error P4ERROR: Failed to connect to source control provider.
[2016.03.21-02.21.09:447][  0]SourceControl:Error: Error Invalid Workspace
[2016.03.21-02.21.09:447][  0]SourceControl:Error: Error Port=143.200.126.162:1666, User=pi, ClientSpec=Multiplayer_Jake, Ticket=
[2016.03.21-02.21.09:448][  0]Cmd: MAP LOAD FILE="../../../../../../Users/Jake-Labeots/Perforce/multiplayer/Content/ThirdPersonBP/Maps/ThirdPersonExampleMap.umap" TEMPLATE=0 SHOWPROGRESS=1 FEATURELEVEL=3
[2016.03.21-02.21.09:448][  0]LightingResults: New page: Lighting Build
[2016.03.21-02.21.09:452][  0]MapCheck: New page: Map Check
[2016.03.21-02.21.09:452][  0]LightingResults: New page: Lighting Build
[2016.03.21-02.21.09:462][  0]LogParticles: Destroying 0 GPU particle simulations for FXSystem 0x0000023331F87420
[2016.03.21-02.21.11:217][  0]LogAIModule: Creating AISystem for world ThirdPersonExampleMap
[2016.03.21-02.21.11:224][  0]LogEditorServer: Finished looking for orphan Actors (0.000 secs)
[2016.03.21-02.21.11:224][  0]Cmd: MAP CHECKDEP NOCLEARLOG
[2016.03.21-02.21.11:273][  0]MapCheck: Info Map check complete: 0 Error(s), 0 Warning(s), took 48.775ms to complete.
[2016.03.21-02.21.11:273][  0]LogFileHelpers: Loading map 'ThirdPersonExampleMap' took 1.825
[2016.03.21-02.21.11:692][  0]LogSourceControl: Attempting 'p4 client -o Multiplayer_Jake'
[2016.03.21-02.21.11:692][  0]LogCollectionManager: Loaded 0 collections in 0.002687 seconds
[2016.03.21-02.21.11:734][  0]LogFileCache: Scanning file cache for directory 'C:/Users/Jake-Labeots/Perforce/multiplayer/Saved/Collections/' took 0.01s
[2016.03.21-02.21.11:734][  0]LogFileCache: Scanning file cache for directory 'C:/Users/Jake-Labeots/Perforce/multiplayer/Content/Developers/JakeLabeots/Collections/' took 0.01s
[2016.03.21-02.21.11:734][  0]LogFileCache: Scanning file cache for directory 'C:/Users/Jake-Labeots/Perforce/multiplayer/Content/Collections/' took 0.01s
[2016.03.21-02.21.11:734][  0]LogCollectionManager: Rebuilt the GUID cache for 0 collections in 0.000002 seconds
[2016.03.21-02.21.11:742][  0]LogContentBrowser: Native class hierarchy populated in 0.0074 seconds. Added 1893 classes and 338 folders.
[2016.03.21-02.21.11:751][  0]LogContentBrowser: Native class hierarchy updated for 'WidgetCarousel' in 0.0003 seconds. Added 0 classes and 0 folders.
[2016.03.21-02.21.14:030][  0]LogContentBrowser: Native class hierarchy updated for 'AddContentDialog' in 0.0003 seconds. Added 0 classes and 0 folders.
[2016.03.21-02.21.14:068][  0]LogContentBrowser: Native class hierarchy updated for 'SceneOutliner' in 0.0003 seconds. Added 1 classes and 2 folders.
[2016.03.21-02.21.14:114][  0]LogCrashTracker: Crashtracker disabled due to settings.
[2016.03.21-02.21.14:120][  0]LogUObjectGlobals:Warning: Failed to find object 'Class None.'
[2016.03.21-02.21.14:143][  0]LogLoad: Full Startup: 9.54 seconds (BP compile: 0.19 seconds)
[2016.03.21-02.21.14:154][  0]LogOcInput: Can't find Oculus library dev build: is proper Runtime installed? Version: 0.8.0.0
[2016.03.21-02.21.14:337][  0]SourceControl:Error: Error Invalid workspace.
[2016.03.21-02.21.14:337][  0]LogContentStreaming: Texture pool size now 1000 MB
[2016.03.21-02.21.14:487][  0]LogRenderer: Reallocating scene render targets to support 1208x580 (Frame:2).
[2016.03.21-02.21.14:758][  5]LogAssetRegistry: Asset discovery search completed in 6.7178 seconds
[2016.03.21-02.21.14:758][  5]LogCollectionManager: Rebuilt the object cache for 0 collections in 0.000001 seconds (found 0 objects)
[2016.03.21-02.21.14:758][  5]LogCollectionManager: Fixed up redirectors for 0 collections in 0.000030 seconds (updated 0 objects)
[2016.03.21-02.21.19:867][593]LogSourceControl: Attempting 'p4 clients -u pi'
[2016.03.21-02.21.19:868][593]LogSourceControl:Error:  Jake_Multiplayer client specs rejected due to host name mismatch (Jake-Labeots-PC)
[2016.03.21-02.21.19:868][593]LogSourceControl:Error:  raspberrypi client specs rejected due to host name mismatch (raspberrypi)
[2016.03.21-02.21.31:686][  4]LogSourceControl: Attempting 'p4 client -o Jake_Multiplayer'
[2016.03.21-02.21.31:690][  4]SourceControl: Info Client Jake_Multiplayer
[2016.03.21-02.21.31:690][  4]SourceControl: Info Update 2016/03/18 13:46:00
[2016.03.21-02.21.31:690][  4]SourceControl: Info Access 2016/03/18 13:48:18
[2016.03.21-02.21.31:690][  4]SourceControl: Info Owner pi
[2016.03.21-02.21.31:690][  4]SourceControl: Info Host Jake-Labeots-PC
[2016.03.21-02.21.31:690][  4]SourceControl: Info Description Created by pi.

[2016.03.21-02.21.31:690][  4]SourceControl: Info Root C:\Users\Jake-Labeots\Perforce\multiplayer
[2016.03.21-02.21.31:690][  4]SourceControl: Info Options noallwrite noclobber nocompress unlocked nomodtime normdir
[2016.03.21-02.21.31:690][  4]SourceControl: Info SubmitOptions submitunchanged
[2016.03.21-02.21.31:690][  4]SourceControl: Info LineEnd local
[2016.03.21-02.21.31:690][  4]SourceControl: Info View0 //Multiplayer/... //Jake_Multiplayer/...
[2016.03.21-02.21.31:690][  4]SourceControl: Info View1 //Multiplayer/* //Jake_Multiplayer/*
[2016.03.21-02.21.31:690][  4]SourceControl: Info specFormatted 
[2016.03.21-02.21.31:690][  4]SourceControl: Info func client-FstatInfo
[2016.03.21-02.21.47:794][906]LogBlueprintUserMessages: Early PlayInEditor Detection: Level '/Game/ThirdPersonBP/Maps/ThirdPersonExampleMap.ThirdPersonExampleMap:PersistentLevel' has LevelScriptBlueprint '/Game/ThirdPersonBP/Maps/ThirdPersonExampleMap.ThirdPersonExampleMap:PersistentLevel.ThirdPersonExampleMap' with GeneratedClass '/Game/ThirdPersonBP/Maps/ThirdPersonExampleMap.ThirdPersonExampleMap_C' with ClassGeneratedBy '/Game/ThirdPersonBP/Maps/ThirdPersonExampleMap.ThirdPersonExampleMap:PersistentLevel.ThirdPersonExampleMap'
[2016.03.21-02.21.47:794][906]LogPlayLevel: PlayLevel: No blueprints needed recompiling
[2016.03.21-02.21.47:798][906]PIE: New page: PIE session: ThirdPersonExampleMap (Mar 20, 2016, 4:21:47 PM)
[2016.03.21-02.21.47:798][906]LogPlayLevel: Creating play world package: /Game/ThirdPersonBP/Maps/UEDPIE_1_ThirdPersonExampleMap
[2016.03.21-02.21.47:823][906]LogPlayLevel: PIE: StaticDuplicateObject took: (0.024721s)
[2016.03.21-02.21.47:824][906]LogAIModule: Creating AISystem for world ThirdPersonExampleMap
[2016.03.21-02.21.47:824][906]LogPlayLevel: PIE: World Init took: (0.000721s)
[2016.03.21-02.21.47:824][906]LogPlayLevel: PIE: Created PIE world by copying editor world from /Game/ThirdPersonBP/Maps/ThirdPersonExampleMap.ThirdPersonExampleMap to /Game/ThirdPersonBP/Maps/UEDPIE_1_ThirdPersonExampleMap.ThirdPersonExampleMap (0.025720s)
[2016.03.21-02.21.47:824][906]LogActorComponent: UnregisterComponent: (/Engine/Transient.ProjectileMovement_GEN_VARIABLE) Not registered. Aborting.
[2016.03.21-02.21.47:863][906]LogInit: XAudio2 using 'Speakers (M-Audio Mobile Pre MKII)' : 2 channels at 44.1 kHz using 32 bits per sample (channel mask 0x3)
[2016.03.21-02.21.47:869][906]LogInit: FAudioDevice initialized.
[2016.03.21-02.21.47:982][906]LogWorld: Game class is 'ThirdPersonGameMode_C'
[2016.03.21-02.21.47:987][906]LogWorld: Bringing World /Game/ThirdPersonBP/Maps/UEDPIE_1_ThirdPersonExampleMap.ThirdPersonExampleMap up for play (max tick rate 0) at 2016.03.20-21.21.47
[2016.03.21-02.21.47:987][906]LogActor:Warning: GameSession /Game/ThirdPersonBP/Maps/UEDPIE_1_ThirdPersonExampleMap.ThirdPersonExampleMap:PersistentLevel.GameSession_0 has natively added scene component(s), but none of them were set as the actor's RootComponent - picking one arbitrarily
[2016.03.21-02.21.47:987][906]LogActor:Warning: GameNetworkManager /Game/ThirdPersonBP/Maps/UEDPIE_1_ThirdPersonExampleMap.ThirdPersonExampleMap:PersistentLevel.GameNetworkManager_0 has natively added scene component(s), but none of them were set as the actor's RootComponent - picking one arbitrarily
[2016.03.21-02.21.47:988][906]LogWorld: Bringing up level for play took: 0.004431
[2016.03.21-02.21.47:999][906]LogVoice:Warning: Failed to initialize voice interface
[2016.03.21-02.21.48:000][906]LogInit: WinSock: Socket queue 131072 / 131072
[2016.03.21-02.21.48:001][906]LogInit: WinSock: I am Jake-Labeots-PC (143.200.126.223:0)
[2016.03.21-02.21.48:001][906]LogNet: GameNetDriver IpNetDriver_0 IpNetDriver listening on port 7777
[2016.03.21-02.21.48:001][906]LogOnline:Warning: NULL: Can't start an online game for session (Game) that hasn't been created
[2016.03.21-02.21.48:034][906]PIE: Info Play in editor start time for /Game/ThirdPersonBP/Maps/UEDPIE_1_ThirdPersonExampleMap -0.128
[2016.03.21-02.21.48:038][906]PIE: New page: PIE session: ThirdPersonExampleMap (Mar 20, 2016, 4:21:48 PM)
[2016.03.21-02.21.48:133][906]LogNet: Browse: 127.0.0.1//Game/ThirdPersonBP/Maps/ThirdPersonExampleMap
[2016.03.21-02.21.48:133][906]LogInit: WinSock: Socket queue 32768 / 32768
[2016.03.21-02.21.48:133][906]LogNet: Game client on port 7777, rate 10000
[2016.03.21-02.21.48:133][906]LogNet: GetLocalNetworkVersion: GEngineNetVersion: 2872498, ProjectName: multiplayer, ProjectVersion: 1.0.0.0, InternalProtocolVersion: 9, LocalNetworkVersion: 1550881971
[2016.03.21-02.21.48:147][906]PIE: Info Play in editor start time for /Game/ThirdPersonBP/Maps/ThirdPersonExampleMap -0.015
[2016.03.21-02.21.48:152][906]LogBlueprintUserMessages: Late PlayInEditor Detection: Level '/Game/ThirdPersonBP/Maps/ThirdPersonExampleMap.ThirdPersonExampleMap:PersistentLevel' has LevelScriptBlueprint '/Game/ThirdPersonBP/Maps/ThirdPersonExampleMap.ThirdPersonExampleMap:PersistentLevel.ThirdPersonExampleMap' with GeneratedClass '/Game/ThirdPersonBP/Maps/ThirdPersonExampleMap.ThirdPersonExampleMap_C' with ClassGeneratedBy '/Game/ThirdPersonBP/Maps/ThirdPersonExampleMap.ThirdPersonExampleMap:PersistentLevel.ThirdPersonExampleMap'
[2016.03.21-02.21.48:152][906]LogNet: NotifyAcceptingConnection: Server ThirdPersonExampleMap accept
[2016.03.21-02.21.48:152][906]LogNet: Open ThirdPersonExampleMap 03/20/16 21:21:48 127.0.0.1
[2016.03.21-02.21.48:152][906]LogNet: Added client connection.  Remote address = 127.0.0.1:53165
[2016.03.21-02.21.48:152][906]LogNet: NotifyAcceptingChannel Control 0 server World /Game/ThirdPersonBP/Maps/UEDPIE_1_ThirdPersonExampleMap.ThirdPersonExampleMap: Accepted
[2016.03.21-02.21.48:152][906]LogNet: Remote platform little endian=1
[2016.03.21-02.21.48:152][906]LogNet: This platform little endian=1
[2016.03.21-02.21.48:152][906]LogNet: GetLocalNetworkVersion: GEngineNetVersion: 2872498, ProjectName: multiplayer, ProjectVersion: 1.0.0.0, InternalProtocolVersion: 9, LocalNetworkVersion: 1550881971
[2016.03.21-02.21.48:166][906]LogVoice:Warning: Failed to initialize voice interface
[2016.03.21-02.21.48:178][907]LogNet: Login request: /Game/ThirdPersonBP/Maps/ThirdPersonExampleMap?Name=Jake-Labeots-PC-90D9607E466B7922711E08B8F4444B84 userId: Jake-Labeots-PC-90D9607E466B7922711E08B8F4444B84
[2016.03.21-02.21.48:179][907]LogNet: Welcomed by server (Level: /Game/ThirdPersonBP/Maps/UEDPIE_1_ThirdPersonExampleMap, Game: /Game/ThirdPersonBP/Blueprints/ThirdPersonGameMode.ThirdPersonGameMode_C)
[2016.03.21-02.21.48:184][907]LogRenderer: Reallocating scene render targets to support 1208x768 (Frame:6).
[2016.03.21-02.21.48:204][907]LogLoad: LoadMap: 127.0.0.1//Game/ThirdPersonBP/Maps/UEDPIE_1_ThirdPersonExampleMap?game=/Game/ThirdPersonBP/Blueprints/ThirdPersonGameMode.ThirdPersonGameMode_C
[2016.03.21-02.21.48:216][907]LogParticles: Destroying 0 GPU particle simulations for FXSystem 0x0000023322F53420
[2016.03.21-02.21.48:218][907]Cmd: MEM
[2016.03.21-02.21.48:230][907]LogMemory: Platform Memory Stats for Windows
[2016.03.21-02.21.48:230][907]LogMemory: Process Physical Memory: 675.95 MB used, 682.60 MB peak
[2016.03.21-02.21.48:230][907]LogMemory: Process Virtual Memory: 1446.32 MB used, 1446.32 MB peak
[2016.03.21-02.21.48:230][907]LogMemory: Physical Memory: 4313.12 MB used, 8149.52 MB total
[2016.03.21-02.21.48:230][907]LogMemory: Virtual Memory: 2156.63 MB used, 134217728.00 MB total
[2016.03.21-02.21.48:230][907]LogMemory: 
[2016.03.21-02.21.48:230][907]Allocator Stats for TBB: (not implemented)
[2016.03.21-02.21.48:251][907]LogWorld: PIE: Copying PIE streaming level from /Game/ThirdPersonBP/Maps/ThirdPersonExampleMap.ThirdPersonExampleMap to /Game/ThirdPersonBP/Maps/UEDPIE_2_ThirdPersonExampleMap.ThirdPersonExampleMap. OwningWorld: None
[2016.03.21-02.21.48:252][907]LogAIModule: Creating AISystem for world ThirdPersonExampleMap
[2016.03.21-02.21.48:258][907]LogWorld: Bringing World /Game/ThirdPersonBP/Maps/UEDPIE_2_ThirdPersonExampleMap.ThirdPersonExampleMap up for play (max tick rate 0) at 2016.03.20-21.21.48
[2016.03.21-02.21.48:258][907]LogWorld: Bringing up level for play took: 0.004343
[2016.03.21-02.21.48:302][908]LogNet: Client netspeed is 10000
[2016.03.21-02.21.48:302][908]LogNet: Join request: /Game/ThirdPersonBP/Maps/ThirdPersonExampleMap?Name=Jake-Labeots-PC-90D9607E466B7922711E08B8F4444B84?SplitscreenCount=1
[2016.03.21-02.21.48:303][908]LogOnline:Warning: NULL: No game present to join for session (Game)
[2016.03.21-02.21.48:305][908]LogNet: Join succeeded: Jake-Labeots-PC-90D9
[2016.03.21-02.21.48:324][909]LogOnline:Warning: NULL: No game present to join for session (Game)
[2016.03.21-02.21.48:364][913]LogOnline:Warning: NULL: No game present to join for session (Game)
[2016.03.21-02.21.51:617][275]LogPackageName: SearchForPackageOnDisk took   0.076s to resolve ThirdPersonExampleMap.umap.
[2016.03.21-02.21.51:617][275]LogBlueprintUserMessages: [MPGameInstance_C_1] Client -2: Session Created
[2016.03.21-02.21.51:617][275]LogBlueprintUserMessages: [MPMenu_C_0] Client -2: button pressed
[2016.03.21-02.21.51:691][275]LogPackageName: SearchForPackageOnDisk took   0.072s to resolve ThirdPersonExampleMap.umap.
[2016.03.21-02.21.51:691][275]LogNet: Browse: /Game/ThirdPersonBP/Maps/ThirdPersonExampleMap?listen
[2016.03.21-02.21.51:692][275]LogLoad: LoadMap: /Game/ThirdPersonBP/Maps/ThirdPersonExampleMap?listen
[2016.03.21-02.21.51:692][275]LogNet: World NetDriver shutdown IpNetDriver_1 [GameNetDriver]
[2016.03.21-02.21.51:692][275]LogNet: DestroyNamedNetDriver IpNetDriver_1 [GameNetDriver]
[2016.03.21-02.21.51:692][275]LogNet: UNetConnection::Close: Name: IpConnection_0, Driver: GameNetDriver IpNetDriver_1, PC: PlayerController_3, Owner: PlayerController_3, Channels: 11, RemoteAddr: 127.0.0.1:7777, Time: 2016.03.21-02.21.51
[2016.03.21-02.21.51:692][275]LogNet: UChannel::Close: Sending CloseBunch. ChIndex == 0. Name: ControlChannel_0
[2016.03.21-02.21.51:692][275]LogExit: GameNetDriver IpNetDriver_1 shut down
[2016.03.21-02.21.51:707][275]LogParticles: Destroying 0 GPU particle simulations for FXSystem 0x0000023343C59800
[2016.03.21-02.21.51:707][275]Cmd: MEM
[2016.03.21-02.21.51:718][275]LogMemory: Platform Memory Stats for Windows
[2016.03.21-02.21.51:718][275]LogMemory: Process Physical Memory: 756.68 MB used, 757.22 MB peak
[2016.03.21-02.21.51:718][275]LogMemory: Process Virtual Memory: 1424.42 MB used, 1524.18 MB peak
[2016.03.21-02.21.51:718][275]LogMemory: Physical Memory: 4393.11 MB used, 8149.52 MB total
[2016.03.21-02.21.51:718][275]LogMemory: Virtual Memory: 2230.00 MB used, 134217728.00 MB total
[2016.03.21-02.21.51:718][275]LogMemory: 
[2016.03.21-02.21.51:718][275]Allocator Stats for TBB: (not implemented)
[2016.03.21-02.21.51:718][275]LogPlayLevel: Creating play world package: /Game/ThirdPersonBP/Maps/UEDPIE_2_ThirdPersonExampleMap
[2016.03.21-02.21.51:738][275]LogPlayLevel: PIE: StaticDuplicateObject took: (0.019604s)
[2016.03.21-02.21.51:739][275]LogAIModule: Creating AISystem for world ThirdPersonExampleMap
[2016.03.21-02.21.51:740][275]LogPlayLevel: PIE: World Init took: (0.002644s)
[2016.03.21-02.21.51:741][275]LogPlayLevel: PIE: Created PIE world by copying editor world from /Game/ThirdPersonBP/Maps/ThirdPersonExampleMap.ThirdPersonExampleMap to /Game/ThirdPersonBP/Maps/UEDPIE_2_ThirdPersonExampleMap.ThirdPersonExampleMap (0.022857s)
[2016.03.21-02.21.51:741][275]LogWorld: Game class is 'ThirdPersonGameMode_C'
[2016.03.21-02.21.51:741][275]LogInit: WinSock: Socket queue 131072 / 131072
[2016.03.21-02.21.51:742][275]LogNet: GameNetDriver IpNetDriver_2 IpNetDriver listening on port 7778
[2016.03.21-02.21.51:749][275]LogWorld: Bringing World /Game/ThirdPersonBP/Maps/UEDPIE_2_ThirdPersonExampleMap.ThirdPersonExampleMap up for play (max tick rate 0) at 2016.03.20-21.21.51
[2016.03.21-02.21.51:749][275]LogActor:Warning: GameSession /Game/ThirdPersonBP/Maps/UEDPIE_2_ThirdPersonExampleMap.ThirdPersonExampleMap:PersistentLevel.GameSession_1 has natively added scene component(s), but none of them were set as the actor's RootComponent - picking one arbitrarily
[2016.03.21-02.21.51:749][275]LogActor:Warning: GameNetworkManager /Game/ThirdPersonBP/Maps/UEDPIE_2_ThirdPersonExampleMap.ThirdPersonExampleMap:PersistentLevel.GameNetworkManager_1 has natively added scene component(s), but none of them were set as the actor's RootComponent - picking one arbitrarily
[2016.03.21-02.21.51:749][275]LogWorld: Bringing up level for play took: 0.005764
[2016.03.21-02.21.51:750][275]LogLongPackageNames:Warning: URL: :7778//Game/ThirdPersonBP/Maps/UEDPIE_2_ThirdPersonExampleMap: Name may not contain the following characters: :
[2016.03.21-02.21.51:750][275]LogOnline:Warning: NULL: Can't start an online session (Game) in state InProgress
[2016.03.21-02.21.51:761][276]LogNet: UChannel::ReceivedSequencedBunch: Bunch.bClose == true. ChIndex == 0. Calling ConditionalCleanUp.
[2016.03.21-02.21.51:761][276]LogNet: UChannel::Clea